The target system is: Linux -  - 
The host system is: Linux - 5.4.0-66-generic - x86_64
Compiling the C compiler identification source file "CMakeCCompilerId.c" succeeded.
Compiler: /home/nikita/Documents/Work/hikey970/benchmarks/gcc-linaro-7.1.1-2017.08-x86_64_aarch64-linux-gnu/bin/aarch64-linux-gnu-gcc 
Build flags: 
Id flags:  

The output was:
0


Compilation of the C compiler identification source "CMakeCCompilerId.c" produced "a.out"

The C compiler identification is GNU, found in "/home/nikita/Documents/Work/hikey970/monitoring/perfcounters_csv/hikey/CMakeFiles/3.10.2/CompilerIdC/a.out"

Compiling the CXX compiler identification source file "CMakeCXXCompilerId.cpp" succeeded.
Compiler: /home/nikita/Documents/Work/hikey970/benchmarks/gcc-linaro-7.1.1-2017.08-x86_64_aarch64-linux-gnu/bin/aarch64-linux-gnu-g++ 
Build flags: 
Id flags:  

The output was:
0


Compilation of the CXX compiler identification source "CMakeCXXCompilerId.cpp" produced "a.out"

The CXX compiler identification is GNU, found in "/home/nikita/Documents/Work/hikey970/monitoring/perfcounters_csv/hikey/CMakeFiles/3.10.2/CompilerIdCXX/a.out"

Determining if the C compiler works passed with the following output:
Change Dir: /home/nikita/Documents/Work/hikey970/monitoring/perfcounters_csv/hikey/CMakeFiles/CMakeTmp

Run Build Command:"/usr/bin/make" "cmTC_b0f2e/fast"
make[1]: Entering directory '/home/nikita/Documents/Work/hikey970/monitoring/perfcounters_csv/hikey/CMakeFiles/CMakeTmp'
/usr/bin/make -f CMakeFiles/cmTC_b0f2e.dir/build.make CMakeFiles/cmTC_b0f2e.dir/build
make[2]: Entering directory '/home/nikita/Documents/Work/hikey970/monitoring/perfcounters_csv/hikey/CMakeFiles/CMakeTmp'
Building C object CMakeFiles/cmTC_b0f2e.dir/testCCompiler.c.o
/home/nikita/Documents/Work/hikey970/benchmarks/gcc-linaro-7.1.1-2017.08-x86_64_aarch64-linux-gnu/bin/aarch64-linux-gnu-gcc    -o CMakeFiles/cmTC_b0f2e.dir/testCCompiler.c.o   -c /home/nikita/Documents/Work/hikey970/monitoring/perfcounters_csv/hikey/CMakeFiles/CMakeTmp/testCCompiler.c
Linking C executable cmTC_b0f2e
/usr/bin/cmake -E cmake_link_script CMakeFiles/cmTC_b0f2e.dir/link.txt --verbose=1
/home/nikita/Documents/Work/hikey970/benchmarks/gcc-linaro-7.1.1-2017.08-x86_64_aarch64-linux-gnu/bin/aarch64-linux-gnu-gcc      -rdynamic CMakeFiles/cmTC_b0f2e.dir/testCCompiler.c.o  -o cmTC_b0f2e 
make[2]: Leaving directory '/home/nikita/Documents/Work/hikey970/monitoring/perfcounters_csv/hikey/CMakeFiles/CMakeTmp'
make[1]: Leaving directory '/home/nikita/Documents/Work/hikey970/monitoring/perfcounters_csv/hikey/CMakeFiles/CMakeTmp'


Detecting C compiler ABI info compiled with the following output:
Change Dir: /home/nikita/Documents/Work/hikey970/monitoring/perfcounters_csv/hikey/CMakeFiles/CMakeTmp

Run Build Command:"/usr/bin/make" "cmTC_4b0d2/fast"
make[1]: Entering directory '/home/nikita/Documents/Work/hikey970/monitoring/perfcounters_csv/hikey/CMakeFiles/CMakeTmp'
/usr/bin/make -f CMakeFiles/cmTC_4b0d2.dir/build.make CMakeFiles/cmTC_4b0d2.dir/build
make[2]: Entering directory '/home/nikita/Documents/Work/hikey970/monitoring/perfcounters_csv/hikey/CMakeFiles/CMakeTmp'
Building C object CMakeFiles/cmTC_4b0d2.dir/CMakeCCompilerABI.c.o
/home/nikita/Documents/Work/hikey970/benchmarks/gcc-linaro-7.1.1-2017.08-x86_64_aarch64-linux-gnu/bin/aarch64-linux-gnu-gcc    -o CMakeFiles/cmTC_4b0d2.dir/CMakeCCompilerABI.c.o   -c /usr/share/cmake-3.10/Modules/CMakeCCompilerABI.c
Linking C executable cmTC_4b0d2
/usr/bin/cmake -E cmake_link_script CMakeFiles/cmTC_4b0d2.dir/link.txt --verbose=1
/home/nikita/Documents/Work/hikey970/benchmarks/gcc-linaro-7.1.1-2017.08-x86_64_aarch64-linux-gnu/bin/aarch64-linux-gnu-gcc     -v -rdynamic CMakeFiles/cmTC_4b0d2.dir/CMakeCCompilerABI.c.o  -o cmTC_4b0d2 
Using built-in specs.
COLLECT_GCC=/home/nikita/Documents/Work/hikey970/benchmarks/gcc-linaro-7.1.1-2017.08-x86_64_aarch64-linux-gnu/bin/aarch64-linux-gnu-gcc
COLLECT_LTO_WRAPPER=/home/nikita/Documents/Work/hikey970/benchmarks/gcc-linaro-7.1.1-2017.08-x86_64_aarch64-linux-gnu/bin/../libexec/gcc/aarch64-linux-gnu/7.1.1/lto-wrapper
Target: aarch64-linux-gnu
Configured with: '/home/tcwg-buildslave/workspace/tcwg-make-release/builder_arch/amd64/label/tcwg-x86_64-build/target/aarch64-linux-gnu/snapshots/gcc.git~linaro-7.1-2017.08/configure' SHELL=/bin/bash --with-mpc=/home/tcwg-buildslave/workspace/tcwg-make-release/builder_arch/amd64/label/tcwg-x86_64-build/target/aarch64-linux-gnu/_build/builds/destdir/x86_64-unknown-linux-gnu --with-mpfr=/home/tcwg-buildslave/workspace/tcwg-make-release/builder_arch/amd64/label/tcwg-x86_64-build/target/aarch64-linux-gnu/_build/builds/destdir/x86_64-unknown-linux-gnu --with-gmp=/home/tcwg-buildslave/workspace/tcwg-make-release/builder_arch/amd64/label/tcwg-x86_64-build/target/aarch64-linux-gnu/_build/builds/destdir/x86_64-unknown-linux-gnu --with-gnu-as --with-gnu-ld --disable-libmudflap --enable-lto --enable-shared --without-included-gettext --enable-nls --disable-sjlj-exceptions --enable-gnu-unique-object --enable-linker-build-id --disable-libstdcxx-pch --enable-c99 --enable-clocale=gnu --enable-libstdcxx-debug --enable-long-long --with-cloog=no --with-ppl=no --with-isl=no --disable-multilib --enable-fix-cortex-a53-835769 --enable-fix-cortex-a53-843419 --with-arch=armv8-a --enable-threads=posix --enable-multiarch --enable-libstdcxx-time=yes --enable-gnu-indirect-function --with-build-sysroot=/home/tcwg-buildslave/workspace/tcwg-make-release/builder_arch/amd64/label/tcwg-x86_64-build/target/aarch64-linux-gnu/_build/sysroots/aarch64-linux-gnu --with-sysroot=/home/tcwg-buildslave/workspace/tcwg-make-release/builder_arch/amd64/label/tcwg-x86_64-build/target/aarch64-linux-gnu/_build/builds/destdir/x86_64-unknown-linux-gnu/aarch64-linux-gnu/libc --enable-checking=release --disable-bootstrap --enable-languages=c,c++,fortran,lto --build=x86_64-unknown-linux-gnu --host=x86_64-unknown-linux-gnu --target=aarch64-linux-gnu --prefix=/home/tcwg-buildslave/workspace/tcwg-make-release/builder_arch/amd64/label/tcwg-x86_64-build/target/aarch64-linux-gnu/_build/builds/destdir/x86_64-unknown-linux-gnu
Thread model: posix
gcc version 7.1.1 20170707 (Linaro GCC 7.1-2017.08) 
COMPILER_PATH=/home/nikita/Documents/Work/hikey970/benchmarks/gcc-linaro-7.1.1-2017.08-x86_64_aarch64-linux-gnu/bin/../libexec/gcc/aarch64-linux-gnu/7.1.1/:/home/nikita/Documents/Work/hikey970/benchmarks/gcc-linaro-7.1.1-2017.08-x86_64_aarch64-linux-gnu/bin/../libexec/gcc/aarch64-linux-gnu/:/home/nikita/Documents/Work/hikey970/benchmarks/gcc-linaro-7.1.1-2017.08-x86_64_aarch64-linux-gnu/bin/../libexec/gcc/:/home/nikita/Documents/Work/hikey970/benchmarks/gcc-linaro-7.1.1-2017.08-x86_64_aarch64-linux-gnu/bin/../lib/gcc/aarch64-linux-gnu/7.1.1/../../../../aarch64-linux-gnu/bin/
LIBRARY_PATH=/home/nikita/Documents/Work/hikey970/benchmarks/gcc-linaro-7.1.1-2017.08-x86_64_aarch64-linux-gnu/bin/../lib/gcc/aarch64-linux-gnu/7.1.1/:/home/nikita/Documents/Work/hikey970/benchmarks/gcc-linaro-7.1.1-2017.08-x86_64_aarch64-linux-gnu/bin/../lib/gcc/aarch64-linux-gnu/:/home/nikita/Documents/Work/hikey970/benchmarks/gcc-linaro-7.1.1-2017.08-x86_64_aarch64-linux-gnu/bin/../lib/gcc/:/home/nikita/Documents/Work/hikey970/benchmarks/gcc-linaro-7.1.1-2017.08-x86_64_aarch64-linux-gnu/bin/../lib/gcc/aarch64-linux-gnu/7.1.1/../../../../aarch64-linux-gnu/lib/../lib64/:/home/nikita/Documents/Work/hikey970/benchmarks/gcc-linaro-7.1.1-2017.08-x86_64_aarch64-linux-gnu/bin/../lib/gcc/aarch64-linux-gnu/7.1.1/../../../../aarch64-linux-gnu/lib/:/home/nikita/Documents/Work/hikey970/benchmarks/gcc-linaro-7.1.1-2017.08-x86_64_aarch64-linux-gnu/bin/../aarch64-linux-gnu/libc/lib/:/home/nikita/Documents/Work/hikey970/benchmarks/gcc-linaro-7.1.1-2017.08-x86_64_aarch64-linux-gnu/bin/../aarch64-linux-gnu/libc/usr/lib/
COLLECT_GCC_OPTIONS='-v' '-rdynamic' '-o' 'cmTC_4b0d2' '-march=armv8-a' '-mlittle-endian' '-mabi=lp64'
 /home/nikita/Documents/Work/hikey970/benchmarks/gcc-linaro-7.1.1-2017.08-x86_64_aarch64-linux-gnu/bin/../libexec/gcc/aarch64-linux-gnu/7.1.1/collect2 -plugin /home/nikita/Documents/Work/hikey970/benchmarks/gcc-linaro-7.1.1-2017.08-x86_64_aarch64-linux-gnu/bin/../libexec/gcc/aarch64-linux-gnu/7.1.1/liblto_plugin.so -plugin-opt=/home/nikita/Documents/Work/hikey970/benchmarks/gcc-linaro-7.1.1-2017.08-x86_64_aarch64-linux-gnu/bin/../libexec/gcc/aarch64-linux-gnu/7.1.1/lto-wrapper -plugin-opt=-fresolution=/tmp/cc33Gw8D.res -plugin-opt=-pass-through=-lgcc -plugin-opt=-pass-through=-lgcc_s -plugin-opt=-pass-through=-lc -plugin-opt=-pass-through=-lgcc -plugin-opt=-pass-through=-lgcc_s --sysroot=/home/nikita/Documents/Work/hikey970/benchmarks/gcc-linaro-7.1.1-2017.08-x86_64_aarch64-linux-gnu/bin/../aarch64-linux-gnu/libc --build-id --eh-frame-hdr -export-dynamic -dynamic-linker /lib/ld-linux-aarch64.so.1 -X -EL -maarch64linux --fix-cortex-a53-835769 --fix-cortex-a53-843419 -o cmTC_4b0d2 /home/nikita/Documents/Work/hikey970/benchmarks/gcc-linaro-7.1.1-2017.08-x86_64_aarch64-linux-gnu/bin/../aarch64-linux-gnu/libc/usr/lib/crt1.o /home/nikita/Documents/Work/hikey970/benchmarks/gcc-linaro-7.1.1-2017.08-x86_64_aarch64-linux-gnu/bin/../aarch64-linux-gnu/libc/usr/lib/crti.o /home/nikita/Documents/Work/hikey970/benchmarks/gcc-linaro-7.1.1-2017.08-x86_64_aarch64-linux-gnu/bin/../lib/gcc/aarch64-linux-gnu/7.1.1/crtbegin.o -L/home/nikita/Documents/Work/hikey970/benchmarks/gcc-linaro-7.1.1-2017.08-x86_64_aarch64-linux-gnu/bin/../lib/gcc/aarch64-linux-gnu/7.1.1 -L/home/nikita/Documents/Work/hikey970/benchmarks/gcc-linaro-7.1.1-2017.08-x86_64_aarch64-linux-gnu/bin/../lib/gcc/aarch64-linux-gnu -L/home/nikita/Documents/Work/hikey970/benchmarks/gcc-linaro-7.1.1-2017.08-x86_64_aarch64-linux-gnu/bin/../lib/gcc -L/home/nikita/Documents/Work/hikey970/benchmarks/gcc-linaro-7.1.1-2017.08-x86_64_aarch64-linux-gnu/bin/../lib/gcc/aarch64-linux-gnu/7.1.1/../../../../aarch64-linux-gnu/lib/../lib64 -L/home/nikita/Documents/Work/hikey970/benchmarks/gcc-linaro-7.1.1-2017.08-x86_64_aarch64-linux-gnu/bin/../lib/gcc/aarch64-linux-gnu/7.1.1/../../../../aarch64-linux-gnu/lib -L/home/nikita/Documents/Work/hikey970/benchmarks/gcc-linaro-7.1.1-2017.08-x86_64_aarch64-linux-gnu/bin/../aarch64-linux-gnu/libc/lib -L/home/nikita/Documents/Work/hikey970/benchmarks/gcc-linaro-7.1.1-2017.08-x86_64_aarch64-linux-gnu/bin/../aarch64-linux-gnu/libc/usr/lib CMakeFiles/cmTC_4b0d2.dir/CMakeCCompilerABI.c.o -lgcc --as-needed -lgcc_s --no-as-needed -lc -lgcc --as-needed -lgcc_s --no-as-needed /home/nikita/Documents/Work/hikey970/benchmarks/gcc-linaro-7.1.1-2017.08-x86_64_aarch64-linux-gnu/bin/../lib/gcc/aarch64-linux-gnu/7.1.1/crtend.o /home/nikita/Documents/Work/hikey970/benchmarks/gcc-linaro-7.1.1-2017.08-x86_64_aarch64-linux-gnu/bin/../aarch64-linux-gnu/libc/usr/lib/crtn.o
COLLECT_GCC_OPTIONS='-v' '-rdynamic' '-o' 'cmTC_4b0d2' '-march=armv8-a' '-mlittle-endian' '-mabi=lp64'
make[2]: Leaving directory '/home/nikita/Documents/Work/hikey970/monitoring/perfcounters_csv/hikey/CMakeFiles/CMakeTmp'
make[1]: Leaving directory '/home/nikita/Documents/Work/hikey970/monitoring/perfcounters_csv/hikey/CMakeFiles/CMakeTmp'


Parsed C implicit link information from above output:
  link line regex: [^( *|.*[/\])(aarch64-linux-gnu-ld|CMAKE_LINK_STARTFILE-NOTFOUND|([^/\]+-)?ld|collect2)[^/\]*( |$)]
  ignore line: [Change Dir: /home/nikita/Documents/Work/hikey970/monitoring/perfcounters_csv/hikey/CMakeFiles/CMakeTmp]
  ignore line: []
  ignore line: [Run Build Command:"/usr/bin/make" "cmTC_4b0d2/fast"]
  ignore line: [make[1]: Entering directory '/home/nikita/Documents/Work/hikey970/monitoring/perfcounters_csv/hikey/CMakeFiles/CMakeTmp']
  ignore line: [/usr/bin/make -f CMakeFiles/cmTC_4b0d2.dir/build.make CMakeFiles/cmTC_4b0d2.dir/build]
  ignore line: [make[2]: Entering directory '/home/nikita/Documents/Work/hikey970/monitoring/perfcounters_csv/hikey/CMakeFiles/CMakeTmp']
  ignore line: [Building C object CMakeFiles/cmTC_4b0d2.dir/CMakeCCompilerABI.c.o]
  ignore line: [/home/nikita/Documents/Work/hikey970/benchmarks/gcc-linaro-7.1.1-2017.08-x86_64_aarch64-linux-gnu/bin/aarch64-linux-gnu-gcc    -o CMakeFiles/cmTC_4b0d2.dir/CMakeCCompilerABI.c.o   -c /usr/share/cmake-3.10/Modules/CMakeCCompilerABI.c]
  ignore line: [Linking C executable cmTC_4b0d2]
  ignore line: [/usr/bin/cmake -E cmake_link_script CMakeFiles/cmTC_4b0d2.dir/link.txt --verbose=1]
  ignore line: [/home/nikita/Documents/Work/hikey970/benchmarks/gcc-linaro-7.1.1-2017.08-x86_64_aarch64-linux-gnu/bin/aarch64-linux-gnu-gcc     -v -rdynamic CMakeFiles/cmTC_4b0d2.dir/CMakeCCompilerABI.c.o  -o cmTC_4b0d2 ]
  ignore line: [Using built-in specs.]
  ignore line: [COLLECT_GCC=/home/nikita/Documents/Work/hikey970/benchmarks/gcc-linaro-7.1.1-2017.08-x86_64_aarch64-linux-gnu/bin/aarch64-linux-gnu-gcc]
  ignore line: [COLLECT_LTO_WRAPPER=/home/nikita/Documents/Work/hikey970/benchmarks/gcc-linaro-7.1.1-2017.08-x86_64_aarch64-linux-gnu/bin/../libexec/gcc/aarch64-linux-gnu/7.1.1/lto-wrapper]
  ignore line: [Target: aarch64-linux-gnu]
  ignore line: [Configured with: '/home/tcwg-buildslave/workspace/tcwg-make-release/builder_arch/amd64/label/tcwg-x86_64-build/target/aarch64-linux-gnu/snapshots/gcc.git~linaro-7.1-2017.08/configure' SHELL=/bin/bash --with-mpc=/home/tcwg-buildslave/workspace/tcwg-make-release/builder_arch/amd64/label/tcwg-x86_64-build/target/aarch64-linux-gnu/_build/builds/destdir/x86_64-unknown-linux-gnu --with-mpfr=/home/tcwg-buildslave/workspace/tcwg-make-release/builder_arch/amd64/label/tcwg-x86_64-build/target/aarch64-linux-gnu/_build/builds/destdir/x86_64-unknown-linux-gnu --with-gmp=/home/tcwg-buildslave/workspace/tcwg-make-release/builder_arch/amd64/label/tcwg-x86_64-build/target/aarch64-linux-gnu/_build/builds/destdir/x86_64-unknown-linux-gnu --with-gnu-as --with-gnu-ld --disable-libmudflap --enable-lto --enable-shared --without-included-gettext --enable-nls --disable-sjlj-exceptions --enable-gnu-unique-object --enable-linker-build-id --disable-libstdcxx-pch --enable-c99 --enable-clocale=gnu --enable-libstdcxx-debug --enable-long-long --with-cloog=no --with-ppl=no --with-isl=no --disable-multilib --enable-fix-cortex-a53-835769 --enable-fix-cortex-a53-843419 --with-arch=armv8-a --enable-threads=posix --enable-multiarch --enable-libstdcxx-time=yes --enable-gnu-indirect-function --with-build-sysroot=/home/tcwg-buildslave/workspace/tcwg-make-release/builder_arch/amd64/label/tcwg-x86_64-build/target/aarch64-linux-gnu/_build/sysroots/aarch64-linux-gnu --with-sysroot=/home/tcwg-buildslave/workspace/tcwg-make-release/builder_arch/amd64/label/tcwg-x86_64-build/target/aarch64-linux-gnu/_build/builds/destdir/x86_64-unknown-linux-gnu/aarch64-linux-gnu/libc --enable-checking=release --disable-bootstrap --enable-languages=c,c++,fortran,lto --build=x86_64-unknown-linux-gnu --host=x86_64-unknown-linux-gnu --target=aarch64-linux-gnu --prefix=/home/tcwg-buildslave/workspace/tcwg-make-release/builder_arch/amd64/label/tcwg-x86_64-build/target/aarch64-linux-gnu/_build/builds/destdir/x86_64-unknown-linux-gnu]
  ignore line: [Thread model: posix]
  ignore line: [gcc version 7.1.1 20170707 (Linaro GCC 7.1-2017.08) ]
  ignore line: [COMPILER_PATH=/home/nikita/Documents/Work/hikey970/benchmarks/gcc-linaro-7.1.1-2017.08-x86_64_aarch64-linux-gnu/bin/../libexec/gcc/aarch64-linux-gnu/7.1.1/:/home/nikita/Documents/Work/hikey970/benchmarks/gcc-linaro-7.1.1-2017.08-x86_64_aarch64-linux-gnu/bin/../libexec/gcc/aarch64-linux-gnu/:/home/nikita/Documents/Work/hikey970/benchmarks/gcc-linaro-7.1.1-2017.08-x86_64_aarch64-linux-gnu/bin/../libexec/gcc/:/home/nikita/Documents/Work/hikey970/benchmarks/gcc-linaro-7.1.1-2017.08-x86_64_aarch64-linux-gnu/bin/../lib/gcc/aarch64-linux-gnu/7.1.1/../../../../aarch64-linux-gnu/bin/]
  ignore line: [LIBRARY_PATH=/home/nikita/Documents/Work/hikey970/benchmarks/gcc-linaro-7.1.1-2017.08-x86_64_aarch64-linux-gnu/bin/../lib/gcc/aarch64-linux-gnu/7.1.1/:/home/nikita/Documents/Work/hikey970/benchmarks/gcc-linaro-7.1.1-2017.08-x86_64_aarch64-linux-gnu/bin/../lib/gcc/aarch64-linux-gnu/:/home/nikita/Documents/Work/hikey970/benchmarks/gcc-linaro-7.1.1-2017.08-x86_64_aarch64-linux-gnu/bin/../lib/gcc/:/home/nikita/Documents/Work/hikey970/benchmarks/gcc-linaro-7.1.1-2017.08-x86_64_aarch64-linux-gnu/bin/../lib/gcc/aarch64-linux-gnu/7.1.1/../../../../aarch64-linux-gnu/lib/../lib64/:/home/nikita/Documents/Work/hikey970/benchmarks/gcc-linaro-7.1.1-2017.08-x86_64_aarch64-linux-gnu/bin/../lib/gcc/aarch64-linux-gnu/7.1.1/../../../../aarch64-linux-gnu/lib/:/home/nikita/Documents/Work/hikey970/benchmarks/gcc-linaro-7.1.1-2017.08-x86_64_aarch64-linux-gnu/bin/../aarch64-linux-gnu/libc/lib/:/home/nikita/Documents/Work/hikey970/benchmarks/gcc-linaro-7.1.1-2017.08-x86_64_aarch64-linux-gnu/bin/../aarch64-linux-gnu/libc/usr/lib/]
  ignore line: [COLLECT_GCC_OPTIONS='-v' '-rdynamic' '-o' 'cmTC_4b0d2' '-march=armv8-a' '-mlittle-endian' '-mabi=lp64']
  link line: [ /home/nikita/Documents/Work/hikey970/benchmarks/gcc-linaro-7.1.1-2017.08-x86_64_aarch64-linux-gnu/bin/../libexec/gcc/aarch64-linux-gnu/7.1.1/collect2 -plugin /home/nikita/Documents/Work/hikey970/benchmarks/gcc-linaro-7.1.1-2017.08-x86_64_aarch64-linux-gnu/bin/../libexec/gcc/aarch64-linux-gnu/7.1.1/liblto_plugin.so -plugin-opt=/home/nikita/Documents/Work/hikey970/benchmarks/gcc-linaro-7.1.1-2017.08-x86_64_aarch64-linux-gnu/bin/../libexec/gcc/aarch64-linux-gnu/7.1.1/lto-wrapper -plugin-opt=-fresolution=/tmp/cc33Gw8D.res -plugin-opt=-pass-through=-lgcc -plugin-opt=-pass-through=-lgcc_s -plugin-opt=-pass-through=-lc -plugin-opt=-pass-through=-lgcc -plugin-opt=-pass-through=-lgcc_s --sysroot=/home/nikita/Documents/Work/hikey970/benchmarks/gcc-linaro-7.1.1-2017.08-x86_64_aarch64-linux-gnu/bin/../aarch64-linux-gnu/libc --build-id --eh-frame-hdr -export-dynamic -dynamic-linker /lib/ld-linux-aarch64.so.1 -X -EL -maarch64linux --fix-cortex-a53-835769 --fix-cortex-a53-843419 -o cmTC_4b0d2 /home/nikita/Documents/Work/hikey970/benchmarks/gcc-linaro-7.1.1-2017.08-x86_64_aarch64-linux-gnu/bin/../aarch64-linux-gnu/libc/usr/lib/crt1.o /home/nikita/Documents/Work/hikey970/benchmarks/gcc-linaro-7.1.1-2017.08-x86_64_aarch64-linux-gnu/bin/../aarch64-linux-gnu/libc/usr/lib/crti.o /home/nikita/Documents/Work/hikey970/benchmarks/gcc-linaro-7.1.1-2017.08-x86_64_aarch64-linux-gnu/bin/../lib/gcc/aarch64-linux-gnu/7.1.1/crtbegin.o -L/home/nikita/Documents/Work/hikey970/benchmarks/gcc-linaro-7.1.1-2017.08-x86_64_aarch64-linux-gnu/bin/../lib/gcc/aarch64-linux-gnu/7.1.1 -L/home/nikita/Documents/Work/hikey970/benchmarks/gcc-linaro-7.1.1-2017.08-x86_64_aarch64-linux-gnu/bin/../lib/gcc/aarch64-linux-gnu -L/home/nikita/Documents/Work/hikey970/benchmarks/gcc-linaro-7.1.1-2017.08-x86_64_aarch64-linux-gnu/bin/../lib/gcc -L/home/nikita/Documents/Work/hikey970/benchmarks/gcc-linaro-7.1.1-2017.08-x86_64_aarch64-linux-gnu/bin/../lib/gcc/aarch64-linux-gnu/7.1.1/../../../../aarch64-linux-gnu/lib/../lib64 -L/home/nikita/Documents/Work/hikey970/benchmarks/gcc-linaro-7.1.1-2017.08-x86_64_aarch64-linux-gnu/bin/../lib/gcc/aarch64-linux-gnu/7.1.1/../../../../aarch64-linux-gnu/lib -L/home/nikita/Documents/Work/hikey970/benchmarks/gcc-linaro-7.1.1-2017.08-x86_64_aarch64-linux-gnu/bin/../aarch64-linux-gnu/libc/lib -L/home/nikita/Documents/Work/hikey970/benchmarks/gcc-linaro-7.1.1-2017.08-x86_64_aarch64-linux-gnu/bin/../aarch64-linux-gnu/libc/usr/lib CMakeFiles/cmTC_4b0d2.dir/CMakeCCompilerABI.c.o -lgcc --as-needed -lgcc_s --no-as-needed -lc -lgcc --as-needed -lgcc_s --no-as-needed /home/nikita/Documents/Work/hikey970/benchmarks/gcc-linaro-7.1.1-2017.08-x86_64_aarch64-linux-gnu/bin/../lib/gcc/aarch64-linux-gnu/7.1.1/crtend.o /home/nikita/Documents/Work/hikey970/benchmarks/gcc-linaro-7.1.1-2017.08-x86_64_aarch64-linux-gnu/bin/../aarch64-linux-gnu/libc/usr/lib/crtn.o]
    arg [/home/nikita/Documents/Work/hikey970/benchmarks/gcc-linaro-7.1.1-2017.08-x86_64_aarch64-linux-gnu/bin/../libexec/gcc/aarch64-linux-gnu/7.1.1/collect2] ==> ignore
    arg [-plugin] ==> ignore
    arg [/home/nikita/Documents/Work/hikey970/benchmarks/gcc-linaro-7.1.1-2017.08-x86_64_aarch64-linux-gnu/bin/../libexec/gcc/aarch64-linux-gnu/7.1.1/liblto_plugin.so] ==> ignore
    arg [-plugin-opt=/home/nikita/Documents/Work/hikey970/benchmarks/gcc-linaro-7.1.1-2017.08-x86_64_aarch64-linux-gnu/bin/../libexec/gcc/aarch64-linux-gnu/7.1.1/lto-wrapper] ==> ignore
    arg [-plugin-opt=-fresolution=/tmp/cc33Gw8D.res] ==> ignore
    arg [-plugin-opt=-pass-through=-lgcc] ==> ignore
    arg [-plugin-opt=-pass-through=-lgcc_s] ==> ignore
    arg [-plugin-opt=-pass-through=-lc] ==> ignore
    arg [-plugin-opt=-pass-through=-lgcc] ==> ignore
    arg [-plugin-opt=-pass-through=-lgcc_s] ==> ignore
    arg [--sysroot=/home/nikita/Documents/Work/hikey970/benchmarks/gcc-linaro-7.1.1-2017.08-x86_64_aarch64-linux-gnu/bin/../aarch64-linux-gnu/libc] ==> ignore
    arg [--build-id] ==> ignore
    arg [--eh-frame-hdr] ==> ignore
    arg [-export-dynamic] ==> ignore
    arg [-dynamic-linker] ==> ignore
    arg [/lib/ld-linux-aarch64.so.1] ==> ignore
    arg [-X] ==> ignore
    arg [-EL] ==> ignore
    arg [-maarch64linux] ==> ignore
    arg [--fix-cortex-a53-835769] ==> ignore
    arg [--fix-cortex-a53-843419] ==> ignore
    arg [-o] ==> ignore
    arg [cmTC_4b0d2] ==> ignore
    arg [/home/nikita/Documents/Work/hikey970/benchmarks/gcc-linaro-7.1.1-2017.08-x86_64_aarch64-linux-gnu/bin/../aarch64-linux-gnu/libc/usr/lib/crt1.o] ==> ignore
    arg [/home/nikita/Documents/Work/hikey970/benchmarks/gcc-linaro-7.1.1-2017.08-x86_64_aarch64-linux-gnu/bin/../aarch64-linux-gnu/libc/usr/lib/crti.o] ==> ignore
    arg [/home/nikita/Documents/Work/hikey970/benchmarks/gcc-linaro-7.1.1-2017.08-x86_64_aarch64-linux-gnu/bin/../lib/gcc/aarch64-linux-gnu/7.1.1/crtbegin.o] ==> ignore
    arg [-L/home/nikita/Documents/Work/hikey970/benchmarks/gcc-linaro-7.1.1-2017.08-x86_64_aarch64-linux-gnu/bin/../lib/gcc/aarch64-linux-gnu/7.1.1] ==> dir [/home/nikita/Documents/Work/hikey970/benchmarks/gcc-linaro-7.1.1-2017.08-x86_64_aarch64-linux-gnu/bin/../lib/gcc/aarch64-linux-gnu/7.1.1]
    arg [-L/home/nikita/Documents/Work/hikey970/benchmarks/gcc-linaro-7.1.1-2017.08-x86_64_aarch64-linux-gnu/bin/../lib/gcc/aarch64-linux-gnu] ==> dir [/home/nikita/Documents/Work/hikey970/benchmarks/gcc-linaro-7.1.1-2017.08-x86_64_aarch64-linux-gnu/bin/../lib/gcc/aarch64-linux-gnu]
    arg [-L/home/nikita/Documents/Work/hikey970/benchmarks/gcc-linaro-7.1.1-2017.08-x86_64_aarch64-linux-gnu/bin/../lib/gcc] ==> dir [/home/nikita/Documents/Work/hikey970/benchmarks/gcc-linaro-7.1.1-2017.08-x86_64_aarch64-linux-gnu/bin/../lib/gcc]
    arg [-L/home/nikita/Documents/Work/hikey970/benchmarks/gcc-linaro-7.1.1-2017.08-x86_64_aarch64-linux-gnu/bin/../lib/gcc/aarch64-linux-gnu/7.1.1/../../../../aarch64-linux-gnu/lib/../lib64] ==> dir [/home/nikita/Documents/Work/hikey970/benchmarks/gcc-linaro-7.1.1-2017.08-x86_64_aarch64-linux-gnu/bin/../lib/gcc/aarch64-linux-gnu/7.1.1/../../../../aarch64-linux-gnu/lib/../lib64]
    arg [-L/home/nikita/Documents/Work/hikey970/benchmarks/gcc-linaro-7.1.1-2017.08-x86_64_aarch64-linux-gnu/bin/../lib/gcc/aarch64-linux-gnu/7.1.1/../../../../aarch64-linux-gnu/lib] ==> dir [/home/nikita/Documents/Work/hikey970/benchmarks/gcc-linaro-7.1.1-2017.08-x86_64_aarch64-linux-gnu/bin/../lib/gcc/aarch64-linux-gnu/7.1.1/../../../../aarch64-linux-gnu/lib]
    arg [-L/home/nikita/Documents/Work/hikey970/benchmarks/gcc-linaro-7.1.1-2017.08-x86_64_aarch64-linux-gnu/bin/../aarch64-linux-gnu/libc/lib] ==> dir [/home/nikita/Documents/Work/hikey970/benchmarks/gcc-linaro-7.1.1-2017.08-x86_64_aarch64-linux-gnu/bin/../aarch64-linux-gnu/libc/lib]
    arg [-L/home/nikita/Documents/Work/hikey970/benchmarks/gcc-linaro-7.1.1-2017.08-x86_64_aarch64-linux-gnu/bin/../aarch64-linux-gnu/libc/usr/lib] ==> dir [/home/nikita/Documents/Work/hikey970/benchmarks/gcc-linaro-7.1.1-2017.08-x86_64_aarch64-linux-gnu/bin/../aarch64-linux-gnu/libc/usr/lib]
    arg [CMakeFiles/cmTC_4b0d2.dir/CMakeCCompilerABI.c.o] ==> ignore
    arg [-lgcc] ==> lib [gcc]
    arg [--as-needed] ==> ignore
    arg [-lgcc_s] ==> lib [gcc_s]
    arg [--no-as-needed] ==> ignore
    arg [-lc] ==> lib [c]
    arg [-lgcc] ==> lib [gcc]
    arg [--as-needed] ==> ignore
    arg [-lgcc_s] ==> lib [gcc_s]
    arg [--no-as-needed] ==> ignore
    arg [/home/nikita/Documents/Work/hikey970/benchmarks/gcc-linaro-7.1.1-2017.08-x86_64_aarch64-linux-gnu/bin/../lib/gcc/aarch64-linux-gnu/7.1.1/crtend.o] ==> ignore
    arg [/home/nikita/Documents/Work/hikey970/benchmarks/gcc-linaro-7.1.1-2017.08-x86_64_aarch64-linux-gnu/bin/../aarch64-linux-gnu/libc/usr/lib/crtn.o] ==> ignore
  collapse library dir [/home/nikita/Documents/Work/hikey970/benchmarks/gcc-linaro-7.1.1-2017.08-x86_64_aarch64-linux-gnu/bin/../lib/gcc/aarch64-linux-gnu/7.1.1] ==> [/home/nikita/Documents/Work/hikey970/benchmarks/gcc-linaro-7.1.1-2017.08-x86_64_aarch64-linux-gnu/lib/gcc/aarch64-linux-gnu/7.1.1]
  collapse library dir [/home/nikita/Documents/Work/hikey970/benchmarks/gcc-linaro-7.1.1-2017.08-x86_64_aarch64-linux-gnu/bin/../lib/gcc/aarch64-linux-gnu] ==> [/home/nikita/Documents/Work/hikey970/benchmarks/gcc-linaro-7.1.1-2017.08-x86_64_aarch64-linux-gnu/lib/gcc/aarch64-linux-gnu]
  collapse library dir [/home/nikita/Documents/Work/hikey970/benchmarks/gcc-linaro-7.1.1-2017.08-x86_64_aarch64-linux-gnu/bin/../lib/gcc] ==> [/home/nikita/Documents/Work/hikey970/benchmarks/gcc-linaro-7.1.1-2017.08-x86_64_aarch64-linux-gnu/lib/gcc]
  collapse library dir [/home/nikita/Documents/Work/hikey970/benchmarks/gcc-linaro-7.1.1-2017.08-x86_64_aarch64-linux-gnu/bin/../lib/gcc/aarch64-linux-gnu/7.1.1/../../../../aarch64-linux-gnu/lib/../lib64] ==> [/home/nikita/Documents/Work/hikey970/benchmarks/gcc-linaro-7.1.1-2017.08-x86_64_aarch64-linux-gnu/aarch64-linux-gnu/lib64]
  collapse library dir [/home/nikita/Documents/Work/hikey970/benchmarks/gcc-linaro-7.1.1-2017.08-x86_64_aarch64-linux-gnu/bin/../lib/gcc/aarch64-linux-gnu/7.1.1/../../../../aarch64-linux-gnu/lib] ==> [/home/nikita/Documents/Work/hikey970/benchmarks/gcc-linaro-7.1.1-2017.08-x86_64_aarch64-linux-gnu/aarch64-linux-gnu/lib]
  collapse library dir [/home/nikita/Documents/Work/hikey970/benchmarks/gcc-linaro-7.1.1-2017.08-x86_64_aarch64-linux-gnu/bin/../aarch64-linux-gnu/libc/lib] ==> [/home/nikita/Documents/Work/hikey970/benchmarks/gcc-linaro-7.1.1-2017.08-x86_64_aarch64-linux-gnu/aarch64-linux-gnu/libc/lib]
  collapse library dir [/home/nikita/Documents/Work/hikey970/benchmarks/gcc-linaro-7.1.1-2017.08-x86_64_aarch64-linux-gnu/bin/../aarch64-linux-gnu/libc/usr/lib] ==> [/home/nikita/Documents/Work/hikey970/benchmarks/gcc-linaro-7.1.1-2017.08-x86_64_aarch64-linux-gnu/aarch64-linux-gnu/libc/usr/lib]
  implicit libs: [gcc;gcc_s;c;gcc;gcc_s]
  implicit dirs: [/home/nikita/Documents/Work/hikey970/benchmarks/gcc-linaro-7.1.1-2017.08-x86_64_aarch64-linux-gnu/lib/gcc/aarch64-linux-gnu/7.1.1;/home/nikita/Documents/Work/hikey970/benchmarks/gcc-linaro-7.1.1-2017.08-x86_64_aarch64-linux-gnu/lib/gcc/aarch64-linux-gnu;/home/nikita/Documents/Work/hikey970/benchmarks/gcc-linaro-7.1.1-2017.08-x86_64_aarch64-linux-gnu/lib/gcc;/home/nikita/Documents/Work/hikey970/benchmarks/gcc-linaro-7.1.1-2017.08-x86_64_aarch64-linux-gnu/aarch64-linux-gnu/lib64;/home/nikita/Documents/Work/hikey970/benchmarks/gcc-linaro-7.1.1-2017.08-x86_64_aarch64-linux-gnu/aarch64-linux-gnu/lib;/home/nikita/Documents/Work/hikey970/benchmarks/gcc-linaro-7.1.1-2017.08-x86_64_aarch64-linux-gnu/aarch64-linux-gnu/libc/lib;/home/nikita/Documents/Work/hikey970/benchmarks/gcc-linaro-7.1.1-2017.08-x86_64_aarch64-linux-gnu/aarch64-linux-gnu/libc/usr/lib]
  implicit fwks: []




Detecting C [-std=c11] compiler features compiled with the following output:
Change Dir: /home/nikita/Documents/Work/hikey970/monitoring/perfcounters_csv/hikey/CMakeFiles/CMakeTmp

Run Build Command:"/usr/bin/make" "cmTC_6c203/fast"
make[1]: Entering directory '/home/nikita/Documents/Work/hikey970/monitoring/perfcounters_csv/hikey/CMakeFiles/CMakeTmp'
/usr/bin/make -f CMakeFiles/cmTC_6c203.dir/build.make CMakeFiles/cmTC_6c203.dir/build
make[2]: Entering directory '/home/nikita/Documents/Work/hikey970/monitoring/perfcounters_csv/hikey/CMakeFiles/CMakeTmp'
Building C object CMakeFiles/cmTC_6c203.dir/feature_tests.c.o
/home/nikita/Documents/Work/hikey970/benchmarks/gcc-linaro-7.1.1-2017.08-x86_64_aarch64-linux-gnu/bin/aarch64-linux-gnu-gcc   -std=c11 -o CMakeFiles/cmTC_6c203.dir/feature_tests.c.o   -c /home/nikita/Documents/Work/hikey970/monitoring/perfcounters_csv/hikey/CMakeFiles/feature_tests.c
Linking C executable cmTC_6c203
/usr/bin/cmake -E cmake_link_script CMakeFiles/cmTC_6c203.dir/link.txt --verbose=1
/home/nikita/Documents/Work/hikey970/benchmarks/gcc-linaro-7.1.1-2017.08-x86_64_aarch64-linux-gnu/bin/aarch64-linux-gnu-gcc      -rdynamic CMakeFiles/cmTC_6c203.dir/feature_tests.c.o  -o cmTC_6c203 
make[2]: Leaving directory '/home/nikita/Documents/Work/hikey970/monitoring/perfcounters_csv/hikey/CMakeFiles/CMakeTmp'
make[1]: Leaving directory '/home/nikita/Documents/Work/hikey970/monitoring/perfcounters_csv/hikey/CMakeFiles/CMakeTmp'


    Feature record: C_FEATURE:1c_function_prototypes
    Feature record: C_FEATURE:1c_restrict
    Feature record: C_FEATURE:1c_static_assert
    Feature record: C_FEATURE:1c_variadic_macros


Detecting C [-std=c99] compiler features compiled with the following output:
Change Dir: /home/nikita/Documents/Work/hikey970/monitoring/perfcounters_csv/hikey/CMakeFiles/CMakeTmp

Run Build Command:"/usr/bin/make" "cmTC_ab7dd/fast"
make[1]: Entering directory '/home/nikita/Documents/Work/hikey970/monitoring/perfcounters_csv/hikey/CMakeFiles/CMakeTmp'
/usr/bin/make -f CMakeFiles/cmTC_ab7dd.dir/build.make CMakeFiles/cmTC_ab7dd.dir/build
make[2]: Entering directory '/home/nikita/Documents/Work/hikey970/monitoring/perfcounters_csv/hikey/CMakeFiles/CMakeTmp'
Building C object CMakeFiles/cmTC_ab7dd.dir/feature_tests.c.o
/home/nikita/Documents/Work/hikey970/benchmarks/gcc-linaro-7.1.1-2017.08-x86_64_aarch64-linux-gnu/bin/aarch64-linux-gnu-gcc   -std=c99 -o CMakeFiles/cmTC_ab7dd.dir/feature_tests.c.o   -c /home/nikita/Documents/Work/hikey970/monitoring/perfcounters_csv/hikey/CMakeFiles/feature_tests.c
Linking C executable cmTC_ab7dd
/usr/bin/cmake -E cmake_link_script CMakeFiles/cmTC_ab7dd.dir/link.txt --verbose=1
/home/nikita/Documents/Work/hikey970/benchmarks/gcc-linaro-7.1.1-2017.08-x86_64_aarch64-linux-gnu/bin/aarch64-linux-gnu-gcc      -rdynamic CMakeFiles/cmTC_ab7dd.dir/feature_tests.c.o  -o cmTC_ab7dd 
make[2]: Leaving directory '/home/nikita/Documents/Work/hikey970/monitoring/perfcounters_csv/hikey/CMakeFiles/CMakeTmp'
make[1]: Leaving directory '/home/nikita/Documents/Work/hikey970/monitoring/perfcounters_csv/hikey/CMakeFiles/CMakeTmp'


    Feature record: C_FEATURE:1c_function_prototypes
    Feature record: C_FEATURE:1c_restrict
    Feature record: C_FEATURE:0c_static_assert
    Feature record: C_FEATURE:1c_variadic_macros


Detecting C [-std=c90] compiler features compiled with the following output:
Change Dir: /home/nikita/Documents/Work/hikey970/monitoring/perfcounters_csv/hikey/CMakeFiles/CMakeTmp

Run Build Command:"/usr/bin/make" "cmTC_184c4/fast"
make[1]: Entering directory '/home/nikita/Documents/Work/hikey970/monitoring/perfcounters_csv/hikey/CMakeFiles/CMakeTmp'
/usr/bin/make -f CMakeFiles/cmTC_184c4.dir/build.make CMakeFiles/cmTC_184c4.dir/build
make[2]: Entering directory '/home/nikita/Documents/Work/hikey970/monitoring/perfcounters_csv/hikey/CMakeFiles/CMakeTmp'
Building C object CMakeFiles/cmTC_184c4.dir/feature_tests.c.o
/home/nikita/Documents/Work/hikey970/benchmarks/gcc-linaro-7.1.1-2017.08-x86_64_aarch64-linux-gnu/bin/aarch64-linux-gnu-gcc   -std=c90 -o CMakeFiles/cmTC_184c4.dir/feature_tests.c.o   -c /home/nikita/Documents/Work/hikey970/monitoring/perfcounters_csv/hikey/CMakeFiles/feature_tests.c
Linking C executable cmTC_184c4
/usr/bin/cmake -E cmake_link_script CMakeFiles/cmTC_184c4.dir/link.txt --verbose=1
/home/nikita/Documents/Work/hikey970/benchmarks/gcc-linaro-7.1.1-2017.08-x86_64_aarch64-linux-gnu/bin/aarch64-linux-gnu-gcc      -rdynamic CMakeFiles/cmTC_184c4.dir/feature_tests.c.o  -o cmTC_184c4 
make[2]: Leaving directory '/home/nikita/Documents/Work/hikey970/monitoring/perfcounters_csv/hikey/CMakeFiles/CMakeTmp'
make[1]: Leaving directory '/home/nikita/Documents/Work/hikey970/monitoring/perfcounters_csv/hikey/CMakeFiles/CMakeTmp'


    Feature record: C_FEATURE:1c_function_prototypes
    Feature record: C_FEATURE:0c_restrict
    Feature record: C_FEATURE:0c_static_assert
    Feature record: C_FEATURE:0c_variadic_macros
Determining if the CXX compiler works passed with the following output:
Change Dir: /home/nikita/Documents/Work/hikey970/monitoring/perfcounters_csv/hikey/CMakeFiles/CMakeTmp

Run Build Command:"/usr/bin/make" "cmTC_890f0/fast"
make[1]: Entering directory '/home/nikita/Documents/Work/hikey970/monitoring/perfcounters_csv/hikey/CMakeFiles/CMakeTmp'
/usr/bin/make -f CMakeFiles/cmTC_890f0.dir/build.make CMakeFiles/cmTC_890f0.dir/build
make[2]: Entering directory '/home/nikita/Documents/Work/hikey970/monitoring/perfcounters_csv/hikey/CMakeFiles/CMakeTmp'
Building CXX object CMakeFiles/cmTC_890f0.dir/testCXXCompiler.cxx.o
/home/nikita/Documents/Work/hikey970/benchmarks/gcc-linaro-7.1.1-2017.08-x86_64_aarch64-linux-gnu/bin/aarch64-linux-gnu-g++     -o CMakeFiles/cmTC_890f0.dir/testCXXCompiler.cxx.o -c /home/nikita/Documents/Work/hikey970/monitoring/perfcounters_csv/hikey/CMakeFiles/CMakeTmp/testCXXCompiler.cxx
Linking CXX executable cmTC_890f0
/usr/bin/cmake -E cmake_link_script CMakeFiles/cmTC_890f0.dir/link.txt --verbose=1
/home/nikita/Documents/Work/hikey970/benchmarks/gcc-linaro-7.1.1-2017.08-x86_64_aarch64-linux-gnu/bin/aarch64-linux-gnu-g++       -rdynamic CMakeFiles/cmTC_890f0.dir/testCXXCompiler.cxx.o  -o cmTC_890f0 
make[2]: Leaving directory '/home/nikita/Documents/Work/hikey970/monitoring/perfcounters_csv/hikey/CMakeFiles/CMakeTmp'
make[1]: Leaving directory '/home/nikita/Documents/Work/hikey970/monitoring/perfcounters_csv/hikey/CMakeFiles/CMakeTmp'


Detecting CXX compiler ABI info compiled with the following output:
Change Dir: /home/nikita/Documents/Work/hikey970/monitoring/perfcounters_csv/hikey/CMakeFiles/CMakeTmp

Run Build Command:"/usr/bin/make" "cmTC_e31cd/fast"
make[1]: Entering directory '/home/nikita/Documents/Work/hikey970/monitoring/perfcounters_csv/hikey/CMakeFiles/CMakeTmp'
/usr/bin/make -f CMakeFiles/cmTC_e31cd.dir/build.make CMakeFiles/cmTC_e31cd.dir/build
make[2]: Entering directory '/home/nikita/Documents/Work/hikey970/monitoring/perfcounters_csv/hikey/CMakeFiles/CMakeTmp'
Building CXX object CMakeFiles/cmTC_e31cd.dir/CMakeCXXCompilerABI.cpp.o
/home/nikita/Documents/Work/hikey970/benchmarks/gcc-linaro-7.1.1-2017.08-x86_64_aarch64-linux-gnu/bin/aarch64-linux-gnu-g++     -o CMakeFiles/cmTC_e31cd.dir/CMakeCXXCompilerABI.cpp.o -c /usr/share/cmake-3.10/Modules/CMakeCXXCompilerABI.cpp
Linking CXX executable cmTC_e31cd
/usr/bin/cmake -E cmake_link_script CMakeFiles/cmTC_e31cd.dir/link.txt --verbose=1
/home/nikita/Documents/Work/hikey970/benchmarks/gcc-linaro-7.1.1-2017.08-x86_64_aarch64-linux-gnu/bin/aarch64-linux-gnu-g++      -v -rdynamic CMakeFiles/cmTC_e31cd.dir/CMakeCXXCompilerABI.cpp.o  -o cmTC_e31cd 
Using built-in specs.
COLLECT_GCC=/home/nikita/Documents/Work/hikey970/benchmarks/gcc-linaro-7.1.1-2017.08-x86_64_aarch64-linux-gnu/bin/aarch64-linux-gnu-g++
COLLECT_LTO_WRAPPER=/home/nikita/Documents/Work/hikey970/benchmarks/gcc-linaro-7.1.1-2017.08-x86_64_aarch64-linux-gnu/bin/../libexec/gcc/aarch64-linux-gnu/7.1.1/lto-wrapper
Target: aarch64-linux-gnu
Configured with: '/home/tcwg-buildslave/workspace/tcwg-make-release/builder_arch/amd64/label/tcwg-x86_64-build/target/aarch64-linux-gnu/snapshots/gcc.git~linaro-7.1-2017.08/configure' SHELL=/bin/bash --with-mpc=/home/tcwg-buildslave/workspace/tcwg-make-release/builder_arch/amd64/label/tcwg-x86_64-build/target/aarch64-linux-gnu/_build/builds/destdir/x86_64-unknown-linux-gnu --with-mpfr=/home/tcwg-buildslave/workspace/tcwg-make-release/builder_arch/amd64/label/tcwg-x86_64-build/target/aarch64-linux-gnu/_build/builds/destdir/x86_64-unknown-linux-gnu --with-gmp=/home/tcwg-buildslave/workspace/tcwg-make-release/builder_arch/amd64/label/tcwg-x86_64-build/target/aarch64-linux-gnu/_build/builds/destdir/x86_64-unknown-linux-gnu --with-gnu-as --with-gnu-ld --disable-libmudflap --enable-lto --enable-shared --without-included-gettext --enable-nls --disable-sjlj-exceptions --enable-gnu-unique-object --enable-linker-build-id --disable-libstdcxx-pch --enable-c99 --enable-clocale=gnu --enable-libstdcxx-debug --enable-long-long --with-cloog=no --with-ppl=no --with-isl=no --disable-multilib --enable-fix-cortex-a53-835769 --enable-fix-cortex-a53-843419 --with-arch=armv8-a --enable-threads=posix --enable-multiarch --enable-libstdcxx-time=yes --enable-gnu-indirect-function --with-build-sysroot=/home/tcwg-buildslave/workspace/tcwg-make-release/builder_arch/amd64/label/tcwg-x86_64-build/target/aarch64-linux-gnu/_build/sysroots/aarch64-linux-gnu --with-sysroot=/home/tcwg-buildslave/workspace/tcwg-make-release/builder_arch/amd64/label/tcwg-x86_64-build/target/aarch64-linux-gnu/_build/builds/destdir/x86_64-unknown-linux-gnu/aarch64-linux-gnu/libc --enable-checking=release --disable-bootstrap --enable-languages=c,c++,fortran,lto --build=x86_64-unknown-linux-gnu --host=x86_64-unknown-linux-gnu --target=aarch64-linux-gnu --prefix=/home/tcwg-buildslave/workspace/tcwg-make-release/builder_arch/amd64/label/tcwg-x86_64-build/target/aarch64-linux-gnu/_build/builds/destdir/x86_64-unknown-linux-gnu
Thread model: posix
gcc version 7.1.1 20170707 (Linaro GCC 7.1-2017.08) 
COMPILER_PATH=/home/nikita/Documents/Work/hikey970/benchmarks/gcc-linaro-7.1.1-2017.08-x86_64_aarch64-linux-gnu/bin/../libexec/gcc/aarch64-linux-gnu/7.1.1/:/home/nikita/Documents/Work/hikey970/benchmarks/gcc-linaro-7.1.1-2017.08-x86_64_aarch64-linux-gnu/bin/../libexec/gcc/aarch64-linux-gnu/:/home/nikita/Documents/Work/hikey970/benchmarks/gcc-linaro-7.1.1-2017.08-x86_64_aarch64-linux-gnu/bin/../libexec/gcc/:/home/nikita/Documents/Work/hikey970/benchmarks/gcc-linaro-7.1.1-2017.08-x86_64_aarch64-linux-gnu/bin/../lib/gcc/aarch64-linux-gnu/7.1.1/../../../../aarch64-linux-gnu/bin/
LIBRARY_PATH=/home/nikita/Documents/Work/hikey970/benchmarks/gcc-linaro-7.1.1-2017.08-x86_64_aarch64-linux-gnu/bin/../lib/gcc/aarch64-linux-gnu/7.1.1/:/home/nikita/Documents/Work/hikey970/benchmarks/gcc-linaro-7.1.1-2017.08-x86_64_aarch64-linux-gnu/bin/../lib/gcc/aarch64-linux-gnu/:/home/nikita/Documents/Work/hikey970/benchmarks/gcc-linaro-7.1.1-2017.08-x86_64_aarch64-linux-gnu/bin/../lib/gcc/:/home/nikita/Documents/Work/hikey970/benchmarks/gcc-linaro-7.1.1-2017.08-x86_64_aarch64-linux-gnu/bin/../lib/gcc/aarch64-linux-gnu/7.1.1/../../../../aarch64-linux-gnu/lib/../lib64/:/home/nikita/Documents/Work/hikey970/benchmarks/gcc-linaro-7.1.1-2017.08-x86_64_aarch64-linux-gnu/bin/../lib/gcc/aarch64-linux-gnu/7.1.1/../../../../aarch64-linux-gnu/lib/:/home/nikita/Documents/Work/hikey970/benchmarks/gcc-linaro-7.1.1-2017.08-x86_64_aarch64-linux-gnu/bin/../aarch64-linux-gnu/libc/lib/:/home/nikita/Documents/Work/hikey970/benchmarks/gcc-linaro-7.1.1-2017.08-x86_64_aarch64-linux-gnu/bin/../aarch64-linux-gnu/libc/usr/lib/
COLLECT_GCC_OPTIONS='-v' '-rdynamic' '-o' 'cmTC_e31cd' '-shared-libgcc' '-march=armv8-a' '-mlittle-endian' '-mabi=lp64'
 /home/nikita/Documents/Work/hikey970/benchmarks/gcc-linaro-7.1.1-2017.08-x86_64_aarch64-linux-gnu/bin/../libexec/gcc/aarch64-linux-gnu/7.1.1/collect2 -plugin /home/nikita/Documents/Work/hikey970/benchmarks/gcc-linaro-7.1.1-2017.08-x86_64_aarch64-linux-gnu/bin/../libexec/gcc/aarch64-linux-gnu/7.1.1/liblto_plugin.so -plugin-opt=/home/nikita/Documents/Work/hikey970/benchmarks/gcc-linaro-7.1.1-2017.08-x86_64_aarch64-linux-gnu/bin/../libexec/gcc/aarch64-linux-gnu/7.1.1/lto-wrapper -plugin-opt=-fresolution=/tmp/ccMtXeuQ.res -plugin-opt=-pass-through=-lgcc_s -plugin-opt=-pass-through=-lgcc -plugin-opt=-pass-through=-lc -plugin-opt=-pass-through=-lgcc_s -plugin-opt=-pass-through=-lgcc --sysroot=/home/nikita/Documents/Work/hikey970/benchmarks/gcc-linaro-7.1.1-2017.08-x86_64_aarch64-linux-gnu/bin/../aarch64-linux-gnu/libc --build-id --eh-frame-hdr -export-dynamic -dynamic-linker /lib/ld-linux-aarch64.so.1 -X -EL -maarch64linux --fix-cortex-a53-835769 --fix-cortex-a53-843419 -o cmTC_e31cd /home/nikita/Documents/Work/hikey970/benchmarks/gcc-linaro-7.1.1-2017.08-x86_64_aarch64-linux-gnu/bin/../aarch64-linux-gnu/libc/usr/lib/crt1.o /home/nikita/Documents/Work/hikey970/benchmarks/gcc-linaro-7.1.1-2017.08-x86_64_aarch64-linux-gnu/bin/../aarch64-linux-gnu/libc/usr/lib/crti.o /home/nikita/Documents/Work/hikey970/benchmarks/gcc-linaro-7.1.1-2017.08-x86_64_aarch64-linux-gnu/bin/../lib/gcc/aarch64-linux-gnu/7.1.1/crtbegin.o -L/home/nikita/Documents/Work/hikey970/benchmarks/gcc-linaro-7.1.1-2017.08-x86_64_aarch64-linux-gnu/bin/../lib/gcc/aarch64-linux-gnu/7.1.1 -L/home/nikita/Documents/Work/hikey970/benchmarks/gcc-linaro-7.1.1-2017.08-x86_64_aarch64-linux-gnu/bin/../lib/gcc/aarch64-linux-gnu -L/home/nikita/Documents/Work/hikey970/benchmarks/gcc-linaro-7.1.1-2017.08-x86_64_aarch64-linux-gnu/bin/../lib/gcc -L/home/nikita/Documents/Work/hikey970/benchmarks/gcc-linaro-7.1.1-2017.08-x86_64_aarch64-linux-gnu/bin/../lib/gcc/aarch64-linux-gnu/7.1.1/../../../../aarch64-linux-gnu/lib/../lib64 -L/home/nikita/Documents/Work/hikey970/benchmarks/gcc-linaro-7.1.1-2017.08-x86_64_aarch64-linux-gnu/bin/../lib/gcc/aarch64-linux-gnu/7.1.1/../../../../aarch64-linux-gnu/lib -L/home/nikita/Documents/Work/hikey970/benchmarks/gcc-linaro-7.1.1-2017.08-x86_64_aarch64-linux-gnu/bin/../aarch64-linux-gnu/libc/lib -L/home/nikita/Documents/Work/hikey970/benchmarks/gcc-linaro-7.1.1-2017.08-x86_64_aarch64-linux-gnu/bin/../aarch64-linux-gnu/libc/usr/lib CMakeFiles/cmTC_e31cd.dir/CMakeCXXCompilerABI.cpp.o -lstdc++ -lm -lgcc_s -lgcc -lc -lgcc_s -lgcc /home/nikita/Documents/Work/hikey970/benchmarks/gcc-linaro-7.1.1-2017.08-x86_64_aarch64-linux-gnu/bin/../lib/gcc/aarch64-linux-gnu/7.1.1/crtend.o /home/nikita/Documents/Work/hikey970/benchmarks/gcc-linaro-7.1.1-2017.08-x86_64_aarch64-linux-gnu/bin/../aarch64-linux-gnu/libc/usr/lib/crtn.o
COLLECT_GCC_OPTIONS='-v' '-rdynamic' '-o' 'cmTC_e31cd' '-shared-libgcc' '-march=armv8-a' '-mlittle-endian' '-mabi=lp64'
make[2]: Leaving directory '/home/nikita/Documents/Work/hikey970/monitoring/perfcounters_csv/hikey/CMakeFiles/CMakeTmp'
make[1]: Leaving directory '/home/nikita/Documents/Work/hikey970/monitoring/perfcounters_csv/hikey/CMakeFiles/CMakeTmp'


Parsed CXX implicit link information from above output:
  link line regex: [^( *|.*[/\])(aarch64-linux-gnu-ld|CMAKE_LINK_STARTFILE-NOTFOUND|([^/\]+-)?ld|collect2)[^/\]*( |$)]
  ignore line: [Change Dir: /home/nikita/Documents/Work/hikey970/monitoring/perfcounters_csv/hikey/CMakeFiles/CMakeTmp]
  ignore line: []
  ignore line: [Run Build Command:"/usr/bin/make" "cmTC_e31cd/fast"]
  ignore line: [make[1]: Entering directory '/home/nikita/Documents/Work/hikey970/monitoring/perfcounters_csv/hikey/CMakeFiles/CMakeTmp']
  ignore line: [/usr/bin/make -f CMakeFiles/cmTC_e31cd.dir/build.make CMakeFiles/cmTC_e31cd.dir/build]
  ignore line: [make[2]: Entering directory '/home/nikita/Documents/Work/hikey970/monitoring/perfcounters_csv/hikey/CMakeFiles/CMakeTmp']
  ignore line: [Building CXX object CMakeFiles/cmTC_e31cd.dir/CMakeCXXCompilerABI.cpp.o]
  ignore line: [/home/nikita/Documents/Work/hikey970/benchmarks/gcc-linaro-7.1.1-2017.08-x86_64_aarch64-linux-gnu/bin/aarch64-linux-gnu-g++     -o CMakeFiles/cmTC_e31cd.dir/CMakeCXXCompilerABI.cpp.o -c /usr/share/cmake-3.10/Modules/CMakeCXXCompilerABI.cpp]
  ignore line: [Linking CXX executable cmTC_e31cd]
  ignore line: [/usr/bin/cmake -E cmake_link_script CMakeFiles/cmTC_e31cd.dir/link.txt --verbose=1]
  ignore line: [/home/nikita/Documents/Work/hikey970/benchmarks/gcc-linaro-7.1.1-2017.08-x86_64_aarch64-linux-gnu/bin/aarch64-linux-gnu-g++      -v -rdynamic CMakeFiles/cmTC_e31cd.dir/CMakeCXXCompilerABI.cpp.o  -o cmTC_e31cd ]
  ignore line: [Using built-in specs.]
  ignore line: [COLLECT_GCC=/home/nikita/Documents/Work/hikey970/benchmarks/gcc-linaro-7.1.1-2017.08-x86_64_aarch64-linux-gnu/bin/aarch64-linux-gnu-g++]
  ignore line: [COLLECT_LTO_WRAPPER=/home/nikita/Documents/Work/hikey970/benchmarks/gcc-linaro-7.1.1-2017.08-x86_64_aarch64-linux-gnu/bin/../libexec/gcc/aarch64-linux-gnu/7.1.1/lto-wrapper]
  ignore line: [Target: aarch64-linux-gnu]
  ignore line: [Configured with: '/home/tcwg-buildslave/workspace/tcwg-make-release/builder_arch/amd64/label/tcwg-x86_64-build/target/aarch64-linux-gnu/snapshots/gcc.git~linaro-7.1-2017.08/configure' SHELL=/bin/bash --with-mpc=/home/tcwg-buildslave/workspace/tcwg-make-release/builder_arch/amd64/label/tcwg-x86_64-build/target/aarch64-linux-gnu/_build/builds/destdir/x86_64-unknown-linux-gnu --with-mpfr=/home/tcwg-buildslave/workspace/tcwg-make-release/builder_arch/amd64/label/tcwg-x86_64-build/target/aarch64-linux-gnu/_build/builds/destdir/x86_64-unknown-linux-gnu --with-gmp=/home/tcwg-buildslave/workspace/tcwg-make-release/builder_arch/amd64/label/tcwg-x86_64-build/target/aarch64-linux-gnu/_build/builds/destdir/x86_64-unknown-linux-gnu --with-gnu-as --with-gnu-ld --disable-libmudflap --enable-lto --enable-shared --without-included-gettext --enable-nls --disable-sjlj-exceptions --enable-gnu-unique-object --enable-linker-build-id --disable-libstdcxx-pch --enable-c99 --enable-clocale=gnu --enable-libstdcxx-debug --enable-long-long --with-cloog=no --with-ppl=no --with-isl=no --disable-multilib --enable-fix-cortex-a53-835769 --enable-fix-cortex-a53-843419 --with-arch=armv8-a --enable-threads=posix --enable-multiarch --enable-libstdcxx-time=yes --enable-gnu-indirect-function --with-build-sysroot=/home/tcwg-buildslave/workspace/tcwg-make-release/builder_arch/amd64/label/tcwg-x86_64-build/target/aarch64-linux-gnu/_build/sysroots/aarch64-linux-gnu --with-sysroot=/home/tcwg-buildslave/workspace/tcwg-make-release/builder_arch/amd64/label/tcwg-x86_64-build/target/aarch64-linux-gnu/_build/builds/destdir/x86_64-unknown-linux-gnu/aarch64-linux-gnu/libc --enable-checking=release --disable-bootstrap --enable-languages=c,c++,fortran,lto --build=x86_64-unknown-linux-gnu --host=x86_64-unknown-linux-gnu --target=aarch64-linux-gnu --prefix=/home/tcwg-buildslave/workspace/tcwg-make-release/builder_arch/amd64/label/tcwg-x86_64-build/target/aarch64-linux-gnu/_build/builds/destdir/x86_64-unknown-linux-gnu]
  ignore line: [Thread model: posix]
  ignore line: [gcc version 7.1.1 20170707 (Linaro GCC 7.1-2017.08) ]
  ignore line: [COMPILER_PATH=/home/nikita/Documents/Work/hikey970/benchmarks/gcc-linaro-7.1.1-2017.08-x86_64_aarch64-linux-gnu/bin/../libexec/gcc/aarch64-linux-gnu/7.1.1/:/home/nikita/Documents/Work/hikey970/benchmarks/gcc-linaro-7.1.1-2017.08-x86_64_aarch64-linux-gnu/bin/../libexec/gcc/aarch64-linux-gnu/:/home/nikita/Documents/Work/hikey970/benchmarks/gcc-linaro-7.1.1-2017.08-x86_64_aarch64-linux-gnu/bin/../libexec/gcc/:/home/nikita/Documents/Work/hikey970/benchmarks/gcc-linaro-7.1.1-2017.08-x86_64_aarch64-linux-gnu/bin/../lib/gcc/aarch64-linux-gnu/7.1.1/../../../../aarch64-linux-gnu/bin/]
  ignore line: [LIBRARY_PATH=/home/nikita/Documents/Work/hikey970/benchmarks/gcc-linaro-7.1.1-2017.08-x86_64_aarch64-linux-gnu/bin/../lib/gcc/aarch64-linux-gnu/7.1.1/:/home/nikita/Documents/Work/hikey970/benchmarks/gcc-linaro-7.1.1-2017.08-x86_64_aarch64-linux-gnu/bin/../lib/gcc/aarch64-linux-gnu/:/home/nikita/Documents/Work/hikey970/benchmarks/gcc-linaro-7.1.1-2017.08-x86_64_aarch64-linux-gnu/bin/../lib/gcc/:/home/nikita/Documents/Work/hikey970/benchmarks/gcc-linaro-7.1.1-2017.08-x86_64_aarch64-linux-gnu/bin/../lib/gcc/aarch64-linux-gnu/7.1.1/../../../../aarch64-linux-gnu/lib/../lib64/:/home/nikita/Documents/Work/hikey970/benchmarks/gcc-linaro-7.1.1-2017.08-x86_64_aarch64-linux-gnu/bin/../lib/gcc/aarch64-linux-gnu/7.1.1/../../../../aarch64-linux-gnu/lib/:/home/nikita/Documents/Work/hikey970/benchmarks/gcc-linaro-7.1.1-2017.08-x86_64_aarch64-linux-gnu/bin/../aarch64-linux-gnu/libc/lib/:/home/nikita/Documents/Work/hikey970/benchmarks/gcc-linaro-7.1.1-2017.08-x86_64_aarch64-linux-gnu/bin/../aarch64-linux-gnu/libc/usr/lib/]
  ignore line: [COLLECT_GCC_OPTIONS='-v' '-rdynamic' '-o' 'cmTC_e31cd' '-shared-libgcc' '-march=armv8-a' '-mlittle-endian' '-mabi=lp64']
  link line: [ /home/nikita/Documents/Work/hikey970/benchmarks/gcc-linaro-7.1.1-2017.08-x86_64_aarch64-linux-gnu/bin/../libexec/gcc/aarch64-linux-gnu/7.1.1/collect2 -plugin /home/nikita/Documents/Work/hikey970/benchmarks/gcc-linaro-7.1.1-2017.08-x86_64_aarch64-linux-gnu/bin/../libexec/gcc/aarch64-linux-gnu/7.1.1/liblto_plugin.so -plugin-opt=/home/nikita/Documents/Work/hikey970/benchmarks/gcc-linaro-7.1.1-2017.08-x86_64_aarch64-linux-gnu/bin/../libexec/gcc/aarch64-linux-gnu/7.1.1/lto-wrapper -plugin-opt=-fresolution=/tmp/ccMtXeuQ.res -plugin-opt=-pass-through=-lgcc_s -plugin-opt=-pass-through=-lgcc -plugin-opt=-pass-through=-lc -plugin-opt=-pass-through=-lgcc_s -plugin-opt=-pass-through=-lgcc --sysroot=/home/nikita/Documents/Work/hikey970/benchmarks/gcc-linaro-7.1.1-2017.08-x86_64_aarch64-linux-gnu/bin/../aarch64-linux-gnu/libc --build-id --eh-frame-hdr -export-dynamic -dynamic-linker /lib/ld-linux-aarch64.so.1 -X -EL -maarch64linux --fix-cortex-a53-835769 --fix-cortex-a53-843419 -o cmTC_e31cd /home/nikita/Documents/Work/hikey970/benchmarks/gcc-linaro-7.1.1-2017.08-x86_64_aarch64-linux-gnu/bin/../aarch64-linux-gnu/libc/usr/lib/crt1.o /home/nikita/Documents/Work/hikey970/benchmarks/gcc-linaro-7.1.1-2017.08-x86_64_aarch64-linux-gnu/bin/../aarch64-linux-gnu/libc/usr/lib/crti.o /home/nikita/Documents/Work/hikey970/benchmarks/gcc-linaro-7.1.1-2017.08-x86_64_aarch64-linux-gnu/bin/../lib/gcc/aarch64-linux-gnu/7.1.1/crtbegin.o -L/home/nikita/Documents/Work/hikey970/benchmarks/gcc-linaro-7.1.1-2017.08-x86_64_aarch64-linux-gnu/bin/../lib/gcc/aarch64-linux-gnu/7.1.1 -L/home/nikita/Documents/Work/hikey970/benchmarks/gcc-linaro-7.1.1-2017.08-x86_64_aarch64-linux-gnu/bin/../lib/gcc/aarch64-linux-gnu -L/home/nikita/Documents/Work/hikey970/benchmarks/gcc-linaro-7.1.1-2017.08-x86_64_aarch64-linux-gnu/bin/../lib/gcc -L/home/nikita/Documents/Work/hikey970/benchmarks/gcc-linaro-7.1.1-2017.08-x86_64_aarch64-linux-gnu/bin/../lib/gcc/aarch64-linux-gnu/7.1.1/../../../../aarch64-linux-gnu/lib/../lib64 -L/home/nikita/Documents/Work/hikey970/benchmarks/gcc-linaro-7.1.1-2017.08-x86_64_aarch64-linux-gnu/bin/../lib/gcc/aarch64-linux-gnu/7.1.1/../../../../aarch64-linux-gnu/lib -L/home/nikita/Documents/Work/hikey970/benchmarks/gcc-linaro-7.1.1-2017.08-x86_64_aarch64-linux-gnu/bin/../aarch64-linux-gnu/libc/lib -L/home/nikita/Documents/Work/hikey970/benchmarks/gcc-linaro-7.1.1-2017.08-x86_64_aarch64-linux-gnu/bin/../aarch64-linux-gnu/libc/usr/lib CMakeFiles/cmTC_e31cd.dir/CMakeCXXCompilerABI.cpp.o -lstdc++ -lm -lgcc_s -lgcc -lc -lgcc_s -lgcc /home/nikita/Documents/Work/hikey970/benchmarks/gcc-linaro-7.1.1-2017.08-x86_64_aarch64-linux-gnu/bin/../lib/gcc/aarch64-linux-gnu/7.1.1/crtend.o /home/nikita/Documents/Work/hikey970/benchmarks/gcc-linaro-7.1.1-2017.08-x86_64_aarch64-linux-gnu/bin/../aarch64-linux-gnu/libc/usr/lib/crtn.o]
    arg [/home/nikita/Documents/Work/hikey970/benchmarks/gcc-linaro-7.1.1-2017.08-x86_64_aarch64-linux-gnu/bin/../libexec/gcc/aarch64-linux-gnu/7.1.1/collect2] ==> ignore
    arg [-plugin] ==> ignore
    arg [/home/nikita/Documents/Work/hikey970/benchmarks/gcc-linaro-7.1.1-2017.08-x86_64_aarch64-linux-gnu/bin/../libexec/gcc/aarch64-linux-gnu/7.1.1/liblto_plugin.so] ==> ignore
    arg [-plugin-opt=/home/nikita/Documents/Work/hikey970/benchmarks/gcc-linaro-7.1.1-2017.08-x86_64_aarch64-linux-gnu/bin/../libexec/gcc/aarch64-linux-gnu/7.1.1/lto-wrapper] ==> ignore
    arg [-plugin-opt=-fresolution=/tmp/ccMtXeuQ.res] ==> ignore
    arg [-plugin-opt=-pass-through=-lgcc_s] ==> ignore
    arg [-plugin-opt=-pass-through=-lgcc] ==> ignore
    arg [-plugin-opt=-pass-through=-lc] ==> ignore
    arg [-plugin-opt=-pass-through=-lgcc_s] ==> ignore
    arg [-plugin-opt=-pass-through=-lgcc] ==> ignore
    arg [--sysroot=/home/nikita/Documents/Work/hikey970/benchmarks/gcc-linaro-7.1.1-2017.08-x86_64_aarch64-linux-gnu/bin/../aarch64-linux-gnu/libc] ==> ignore
    arg [--build-id] ==> ignore
    arg [--eh-frame-hdr] ==> ignore
    arg [-export-dynamic] ==> ignore
    arg [-dynamic-linker] ==> ignore
    arg [/lib/ld-linux-aarch64.so.1] ==> ignore
    arg [-X] ==> ignore
    arg [-EL] ==> ignore
    arg [-maarch64linux] ==> ignore
    arg [--fix-cortex-a53-835769] ==> ignore
    arg [--fix-cortex-a53-843419] ==> ignore
    arg [-o] ==> ignore
    arg [cmTC_e31cd] ==> ignore
    arg [/home/nikita/Documents/Work/hikey970/benchmarks/gcc-linaro-7.1.1-2017.08-x86_64_aarch64-linux-gnu/bin/../aarch64-linux-gnu/libc/usr/lib/crt1.o] ==> ignore
    arg [/home/nikita/Documents/Work/hikey970/benchmarks/gcc-linaro-7.1.1-2017.08-x86_64_aarch64-linux-gnu/bin/../aarch64-linux-gnu/libc/usr/lib/crti.o] ==> ignore
    arg [/home/nikita/Documents/Work/hikey970/benchmarks/gcc-linaro-7.1.1-2017.08-x86_64_aarch64-linux-gnu/bin/../lib/gcc/aarch64-linux-gnu/7.1.1/crtbegin.o] ==> ignore
    arg [-L/home/nikita/Documents/Work/hikey970/benchmarks/gcc-linaro-7.1.1-2017.08-x86_64_aarch64-linux-gnu/bin/../lib/gcc/aarch64-linux-gnu/7.1.1] ==> dir [/home/nikita/Documents/Work/hikey970/benchmarks/gcc-linaro-7.1.1-2017.08-x86_64_aarch64-linux-gnu/bin/../lib/gcc/aarch64-linux-gnu/7.1.1]
    arg [-L/home/nikita/Documents/Work/hikey970/benchmarks/gcc-linaro-7.1.1-2017.08-x86_64_aarch64-linux-gnu/bin/../lib/gcc/aarch64-linux-gnu] ==> dir [/home/nikita/Documents/Work/hikey970/benchmarks/gcc-linaro-7.1.1-2017.08-x86_64_aarch64-linux-gnu/bin/../lib/gcc/aarch64-linux-gnu]
    arg [-L/home/nikita/Documents/Work/hikey970/benchmarks/gcc-linaro-7.1.1-2017.08-x86_64_aarch64-linux-gnu/bin/../lib/gcc] ==> dir [/home/nikita/Documents/Work/hikey970/benchmarks/gcc-linaro-7.1.1-2017.08-x86_64_aarch64-linux-gnu/bin/../lib/gcc]
    arg [-L/home/nikita/Documents/Work/hikey970/benchmarks/gcc-linaro-7.1.1-2017.08-x86_64_aarch64-linux-gnu/bin/../lib/gcc/aarch64-linux-gnu/7.1.1/../../../../aarch64-linux-gnu/lib/../lib64] ==> dir [/home/nikita/Documents/Work/hikey970/benchmarks/gcc-linaro-7.1.1-2017.08-x86_64_aarch64-linux-gnu/bin/../lib/gcc/aarch64-linux-gnu/7.1.1/../../../../aarch64-linux-gnu/lib/../lib64]
    arg [-L/home/nikita/Documents/Work/hikey970/benchmarks/gcc-linaro-7.1.1-2017.08-x86_64_aarch64-linux-gnu/bin/../lib/gcc/aarch64-linux-gnu/7.1.1/../../../../aarch64-linux-gnu/lib] ==> dir [/home/nikita/Documents/Work/hikey970/benchmarks/gcc-linaro-7.1.1-2017.08-x86_64_aarch64-linux-gnu/bin/../lib/gcc/aarch64-linux-gnu/7.1.1/../../../../aarch64-linux-gnu/lib]
    arg [-L/home/nikita/Documents/Work/hikey970/benchmarks/gcc-linaro-7.1.1-2017.08-x86_64_aarch64-linux-gnu/bin/../aarch64-linux-gnu/libc/lib] ==> dir [/home/nikita/Documents/Work/hikey970/benchmarks/gcc-linaro-7.1.1-2017.08-x86_64_aarch64-linux-gnu/bin/../aarch64-linux-gnu/libc/lib]
    arg [-L/home/nikita/Documents/Work/hikey970/benchmarks/gcc-linaro-7.1.1-2017.08-x86_64_aarch64-linux-gnu/bin/../aarch64-linux-gnu/libc/usr/lib] ==> dir [/home/nikita/Documents/Work/hikey970/benchmarks/gcc-linaro-7.1.1-2017.08-x86_64_aarch64-linux-gnu/bin/../aarch64-linux-gnu/libc/usr/lib]
    arg [CMakeFiles/cmTC_e31cd.dir/CMakeCXXCompilerABI.cpp.o] ==> ignore
    arg [-lstdc++] ==> lib [stdc++]
    arg [-lm] ==> lib [m]
    arg [-lgcc_s] ==> lib [gcc_s]
    arg [-lgcc] ==> lib [gcc]
    arg [-lc] ==> lib [c]
    arg [-lgcc_s] ==> lib [gcc_s]
    arg [-lgcc] ==> lib [gcc]
    arg [/home/nikita/Documents/Work/hikey970/benchmarks/gcc-linaro-7.1.1-2017.08-x86_64_aarch64-linux-gnu/bin/../lib/gcc/aarch64-linux-gnu/7.1.1/crtend.o] ==> ignore
    arg [/home/nikita/Documents/Work/hikey970/benchmarks/gcc-linaro-7.1.1-2017.08-x86_64_aarch64-linux-gnu/bin/../aarch64-linux-gnu/libc/usr/lib/crtn.o] ==> ignore
  collapse library dir [/home/nikita/Documents/Work/hikey970/benchmarks/gcc-linaro-7.1.1-2017.08-x86_64_aarch64-linux-gnu/bin/../lib/gcc/aarch64-linux-gnu/7.1.1] ==> [/home/nikita/Documents/Work/hikey970/benchmarks/gcc-linaro-7.1.1-2017.08-x86_64_aarch64-linux-gnu/lib/gcc/aarch64-linux-gnu/7.1.1]
  collapse library dir [/home/nikita/Documents/Work/hikey970/benchmarks/gcc-linaro-7.1.1-2017.08-x86_64_aarch64-linux-gnu/bin/../lib/gcc/aarch64-linux-gnu] ==> [/home/nikita/Documents/Work/hikey970/benchmarks/gcc-linaro-7.1.1-2017.08-x86_64_aarch64-linux-gnu/lib/gcc/aarch64-linux-gnu]
  collapse library dir [/home/nikita/Documents/Work/hikey970/benchmarks/gcc-linaro-7.1.1-2017.08-x86_64_aarch64-linux-gnu/bin/../lib/gcc] ==> [/home/nikita/Documents/Work/hikey970/benchmarks/gcc-linaro-7.1.1-2017.08-x86_64_aarch64-linux-gnu/lib/gcc]
  collapse library dir [/home/nikita/Documents/Work/hikey970/benchmarks/gcc-linaro-7.1.1-2017.08-x86_64_aarch64-linux-gnu/bin/../lib/gcc/aarch64-linux-gnu/7.1.1/../../../../aarch64-linux-gnu/lib/../lib64] ==> [/home/nikita/Documents/Work/hikey970/benchmarks/gcc-linaro-7.1.1-2017.08-x86_64_aarch64-linux-gnu/aarch64-linux-gnu/lib64]
  collapse library dir [/home/nikita/Documents/Work/hikey970/benchmarks/gcc-linaro-7.1.1-2017.08-x86_64_aarch64-linux-gnu/bin/../lib/gcc/aarch64-linux-gnu/7.1.1/../../../../aarch64-linux-gnu/lib] ==> [/home/nikita/Documents/Work/hikey970/benchmarks/gcc-linaro-7.1.1-2017.08-x86_64_aarch64-linux-gnu/aarch64-linux-gnu/lib]
  collapse library dir [/home/nikita/Documents/Work/hikey970/benchmarks/gcc-linaro-7.1.1-2017.08-x86_64_aarch64-linux-gnu/bin/../aarch64-linux-gnu/libc/lib] ==> [/home/nikita/Documents/Work/hikey970/benchmarks/gcc-linaro-7.1.1-2017.08-x86_64_aarch64-linux-gnu/aarch64-linux-gnu/libc/lib]
  collapse library dir [/home/nikita/Documents/Work/hikey970/benchmarks/gcc-linaro-7.1.1-2017.08-x86_64_aarch64-linux-gnu/bin/../aarch64-linux-gnu/libc/usr/lib] ==> [/home/nikita/Documents/Work/hikey970/benchmarks/gcc-linaro-7.1.1-2017.08-x86_64_aarch64-linux-gnu/aarch64-linux-gnu/libc/usr/lib]
  implicit libs: [stdc++;m;gcc_s;gcc;c;gcc_s;gcc]
  implicit dirs: [/home/nikita/Documents/Work/hikey970/benchmarks/gcc-linaro-7.1.1-2017.08-x86_64_aarch64-linux-gnu/lib/gcc/aarch64-linux-gnu/7.1.1;/home/nikita/Documents/Work/hikey970/benchmarks/gcc-linaro-7.1.1-2017.08-x86_64_aarch64-linux-gnu/lib/gcc/aarch64-linux-gnu;/home/nikita/Documents/Work/hikey970/benchmarks/gcc-linaro-7.1.1-2017.08-x86_64_aarch64-linux-gnu/lib/gcc;/home/nikita/Documents/Work/hikey970/benchmarks/gcc-linaro-7.1.1-2017.08-x86_64_aarch64-linux-gnu/aarch64-linux-gnu/lib64;/home/nikita/Documents/Work/hikey970/benchmarks/gcc-linaro-7.1.1-2017.08-x86_64_aarch64-linux-gnu/aarch64-linux-gnu/lib;/home/nikita/Documents/Work/hikey970/benchmarks/gcc-linaro-7.1.1-2017.08-x86_64_aarch64-linux-gnu/aarch64-linux-gnu/libc/lib;/home/nikita/Documents/Work/hikey970/benchmarks/gcc-linaro-7.1.1-2017.08-x86_64_aarch64-linux-gnu/aarch64-linux-gnu/libc/usr/lib]
  implicit fwks: []




Detecting CXX [-std=c++1z] compiler features compiled with the following output:
Change Dir: /home/nikita/Documents/Work/hikey970/monitoring/perfcounters_csv/hikey/CMakeFiles/CMakeTmp

Run Build Command:"/usr/bin/make" "cmTC_60a47/fast"
make[1]: Entering directory '/home/nikita/Documents/Work/hikey970/monitoring/perfcounters_csv/hikey/CMakeFiles/CMakeTmp'
/usr/bin/make -f CMakeFiles/cmTC_60a47.dir/build.make CMakeFiles/cmTC_60a47.dir/build
make[2]: Entering directory '/home/nikita/Documents/Work/hikey970/monitoring/perfcounters_csv/hikey/CMakeFiles/CMakeTmp'
Building CXX object CMakeFiles/cmTC_60a47.dir/feature_tests.cxx.o
/home/nikita/Documents/Work/hikey970/benchmarks/gcc-linaro-7.1.1-2017.08-x86_64_aarch64-linux-gnu/bin/aarch64-linux-gnu-g++    -std=c++1z -o CMakeFiles/cmTC_60a47.dir/feature_tests.cxx.o -c /home/nikita/Documents/Work/hikey970/monitoring/perfcounters_csv/hikey/CMakeFiles/feature_tests.cxx
Linking CXX executable cmTC_60a47
/usr/bin/cmake -E cmake_link_script CMakeFiles/cmTC_60a47.dir/link.txt --verbose=1
/home/nikita/Documents/Work/hikey970/benchmarks/gcc-linaro-7.1.1-2017.08-x86_64_aarch64-linux-gnu/bin/aarch64-linux-gnu-g++       -rdynamic CMakeFiles/cmTC_60a47.dir/feature_tests.cxx.o  -o cmTC_60a47 
make[2]: Leaving directory '/home/nikita/Documents/Work/hikey970/monitoring/perfcounters_csv/hikey/CMakeFiles/CMakeTmp'
make[1]: Leaving directory '/home/nikita/Documents/Work/hikey970/monitoring/perfcounters_csv/hikey/CMakeFiles/CMakeTmp'


    Feature record: CXX_FEATURE:1cxx_aggregate_default_initializers
    Feature record: CXX_FEATURE:1cxx_alias_templates
    Feature record: CXX_FEATURE:1cxx_alignas
    Feature record: CXX_FEATURE:1cxx_alignof
    Feature record: CXX_FEATURE:1cxx_attributes
    Feature record: CXX_FEATURE:1cxx_attribute_deprecated
    Feature record: CXX_FEATURE:1cxx_auto_type
    Feature record: CXX_FEATURE:1cxx_binary_literals
    Feature record: CXX_FEATURE:1cxx_constexpr
    Feature record: CXX_FEATURE:1cxx_contextual_conversions
    Feature record: CXX_FEATURE:1cxx_decltype
    Feature record: CXX_FEATURE:1cxx_decltype_auto
    Feature record: CXX_FEATURE:1cxx_decltype_incomplete_return_types
    Feature record: CXX_FEATURE:1cxx_default_function_template_args
    Feature record: CXX_FEATURE:1cxx_defaulted_functions
    Feature record: CXX_FEATURE:1cxx_defaulted_move_initializers
    Feature record: CXX_FEATURE:1cxx_delegating_constructors
    Feature record: CXX_FEATURE:1cxx_deleted_functions
    Feature record: CXX_FEATURE:1cxx_digit_separators
    Feature record: CXX_FEATURE:1cxx_enum_forward_declarations
    Feature record: CXX_FEATURE:1cxx_explicit_conversions
    Feature record: CXX_FEATURE:1cxx_extended_friend_declarations
    Feature record: CXX_FEATURE:1cxx_extern_templates
    Feature record: CXX_FEATURE:1cxx_final
    Feature record: CXX_FEATURE:1cxx_func_identifier
    Feature record: CXX_FEATURE:1cxx_generalized_initializers
    Feature record: CXX_FEATURE:1cxx_generic_lambdas
    Feature record: CXX_FEATURE:1cxx_inheriting_constructors
    Feature record: CXX_FEATURE:1cxx_inline_namespaces
    Feature record: CXX_FEATURE:1cxx_lambdas
    Feature record: CXX_FEATURE:1cxx_lambda_init_captures
    Feature record: CXX_FEATURE:1cxx_local_type_template_args
    Feature record: CXX_FEATURE:1cxx_long_long_type
    Feature record: CXX_FEATURE:1cxx_noexcept
    Feature record: CXX_FEATURE:1cxx_nonstatic_member_init
    Feature record: CXX_FEATURE:1cxx_nullptr
    Feature record: CXX_FEATURE:1cxx_override
    Feature record: CXX_FEATURE:1cxx_range_for
    Feature record: CXX_FEATURE:1cxx_raw_string_literals
    Feature record: CXX_FEATURE:1cxx_reference_qualified_functions
    Feature record: CXX_FEATURE:1cxx_relaxed_constexpr
    Feature record: CXX_FEATURE:1cxx_return_type_deduction
    Feature record: CXX_FEATURE:1cxx_right_angle_brackets
    Feature record: CXX_FEATURE:1cxx_rvalue_references
    Feature record: CXX_FEATURE:1cxx_sizeof_member
    Feature record: CXX_FEATURE:1cxx_static_assert
    Feature record: CXX_FEATURE:1cxx_strong_enums
    Feature record: CXX_FEATURE:1cxx_template_template_parameters
    Feature record: CXX_FEATURE:1cxx_thread_local
    Feature record: CXX_FEATURE:1cxx_trailing_return_types
    Feature record: CXX_FEATURE:1cxx_unicode_literals
    Feature record: CXX_FEATURE:1cxx_uniform_initialization
    Feature record: CXX_FEATURE:1cxx_unrestricted_unions
    Feature record: CXX_FEATURE:1cxx_user_literals
    Feature record: CXX_FEATURE:1cxx_variable_templates
    Feature record: CXX_FEATURE:1cxx_variadic_macros
    Feature record: CXX_FEATURE:1cxx_variadic_templates


Detecting CXX [-std=c++14] compiler features compiled with the following output:
Change Dir: /home/nikita/Documents/Work/hikey970/monitoring/perfcounters_csv/hikey/CMakeFiles/CMakeTmp

Run Build Command:"/usr/bin/make" "cmTC_e8fb9/fast"
make[1]: Entering directory '/home/nikita/Documents/Work/hikey970/monitoring/perfcounters_csv/hikey/CMakeFiles/CMakeTmp'
/usr/bin/make -f CMakeFiles/cmTC_e8fb9.dir/build.make CMakeFiles/cmTC_e8fb9.dir/build
make[2]: Entering directory '/home/nikita/Documents/Work/hikey970/monitoring/perfcounters_csv/hikey/CMakeFiles/CMakeTmp'
Building CXX object CMakeFiles/cmTC_e8fb9.dir/feature_tests.cxx.o
/home/nikita/Documents/Work/hikey970/benchmarks/gcc-linaro-7.1.1-2017.08-x86_64_aarch64-linux-gnu/bin/aarch64-linux-gnu-g++    -std=c++14 -o CMakeFiles/cmTC_e8fb9.dir/feature_tests.cxx.o -c /home/nikita/Documents/Work/hikey970/monitoring/perfcounters_csv/hikey/CMakeFiles/feature_tests.cxx
Linking CXX executable cmTC_e8fb9
/usr/bin/cmake -E cmake_link_script CMakeFiles/cmTC_e8fb9.dir/link.txt --verbose=1
/home/nikita/Documents/Work/hikey970/benchmarks/gcc-linaro-7.1.1-2017.08-x86_64_aarch64-linux-gnu/bin/aarch64-linux-gnu-g++       -rdynamic CMakeFiles/cmTC_e8fb9.dir/feature_tests.cxx.o  -o cmTC_e8fb9 
make[2]: Leaving directory '/home/nikita/Documents/Work/hikey970/monitoring/perfcounters_csv/hikey/CMakeFiles/CMakeTmp'
make[1]: Leaving directory '/home/nikita/Documents/Work/hikey970/monitoring/perfcounters_csv/hikey/CMakeFiles/CMakeTmp'


    Feature record: CXX_FEATURE:1cxx_aggregate_default_initializers
    Feature record: CXX_FEATURE:1cxx_alias_templates
    Feature record: CXX_FEATURE:1cxx_alignas
    Feature record: CXX_FEATURE:1cxx_alignof
    Feature record: CXX_FEATURE:1cxx_attributes
    Feature record: CXX_FEATURE:1cxx_attribute_deprecated
    Feature record: CXX_FEATURE:1cxx_auto_type
    Feature record: CXX_FEATURE:1cxx_binary_literals
    Feature record: CXX_FEATURE:1cxx_constexpr
    Feature record: CXX_FEATURE:1cxx_contextual_conversions
    Feature record: CXX_FEATURE:1cxx_decltype
    Feature record: CXX_FEATURE:1cxx_decltype_auto
    Feature record: CXX_FEATURE:1cxx_decltype_incomplete_return_types
    Feature record: CXX_FEATURE:1cxx_default_function_template_args
    Feature record: CXX_FEATURE:1cxx_defaulted_functions
    Feature record: CXX_FEATURE:1cxx_defaulted_move_initializers
    Feature record: CXX_FEATURE:1cxx_delegating_constructors
    Feature record: CXX_FEATURE:1cxx_deleted_functions
    Feature record: CXX_FEATURE:1cxx_digit_separators
    Feature record: CXX_FEATURE:1cxx_enum_forward_declarations
    Feature record: CXX_FEATURE:1cxx_explicit_conversions
    Feature record: CXX_FEATURE:1cxx_extended_friend_declarations
    Feature record: CXX_FEATURE:1cxx_extern_templates
    Feature record: CXX_FEATURE:1cxx_final
    Feature record: CXX_FEATURE:1cxx_func_identifier
    Feature record: CXX_FEATURE:1cxx_generalized_initializers
    Feature record: CXX_FEATURE:1cxx_generic_lambdas
    Feature record: CXX_FEATURE:1cxx_inheriting_constructors
    Feature record: CXX_FEATURE:1cxx_inline_namespaces
    Feature record: CXX_FEATURE:1cxx_lambdas
    Feature record: CXX_FEATURE:1cxx_lambda_init_captures
    Feature record: CXX_FEATURE:1cxx_local_type_template_args
    Feature record: CXX_FEATURE:1cxx_long_long_type
    Feature record: CXX_FEATURE:1cxx_noexcept
    Feature record: CXX_FEATURE:1cxx_nonstatic_member_init
    Feature record: CXX_FEATURE:1cxx_nullptr
    Feature record: CXX_FEATURE:1cxx_override
    Feature record: CXX_FEATURE:1cxx_range_for
    Feature record: CXX_FEATURE:1cxx_raw_string_literals
    Feature record: CXX_FEATURE:1cxx_reference_qualified_functions
    Feature record: CXX_FEATURE:1cxx_relaxed_constexpr
    Feature record: CXX_FEATURE:1cxx_return_type_deduction
    Feature record: CXX_FEATURE:1cxx_right_angle_brackets
    Feature record: CXX_FEATURE:1cxx_rvalue_references
    Feature record: CXX_FEATURE:1cxx_sizeof_member
    Feature record: CXX_FEATURE:1cxx_static_assert
    Feature record: CXX_FEATURE:1cxx_strong_enums
    Feature record: CXX_FEATURE:1cxx_template_template_parameters
    Feature record: CXX_FEATURE:1cxx_thread_local
    Feature record: CXX_FEATURE:1cxx_trailing_return_types
    Feature record: CXX_FEATURE:1cxx_unicode_literals
    Feature record: CXX_FEATURE:1cxx_uniform_initialization
    Feature record: CXX_FEATURE:1cxx_unrestricted_unions
    Feature record: CXX_FEATURE:1cxx_user_literals
    Feature record: CXX_FEATURE:1cxx_variable_templates
    Feature record: CXX_FEATURE:1cxx_variadic_macros
    Feature record: CXX_FEATURE:1cxx_variadic_templates


Detecting CXX [-std=c++11] compiler features compiled with the following output:
Change Dir: /home/nikita/Documents/Work/hikey970/monitoring/perfcounters_csv/hikey/CMakeFiles/CMakeTmp

Run Build Command:"/usr/bin/make" "cmTC_98467/fast"
make[1]: Entering directory '/home/nikita/Documents/Work/hikey970/monitoring/perfcounters_csv/hikey/CMakeFiles/CMakeTmp'
/usr/bin/make -f CMakeFiles/cmTC_98467.dir/build.make CMakeFiles/cmTC_98467.dir/build
make[2]: Entering directory '/home/nikita/Documents/Work/hikey970/monitoring/perfcounters_csv/hikey/CMakeFiles/CMakeTmp'
Building CXX object CMakeFiles/cmTC_98467.dir/feature_tests.cxx.o
/home/nikita/Documents/Work/hikey970/benchmarks/gcc-linaro-7.1.1-2017.08-x86_64_aarch64-linux-gnu/bin/aarch64-linux-gnu-g++    -std=c++11 -o CMakeFiles/cmTC_98467.dir/feature_tests.cxx.o -c /home/nikita/Documents/Work/hikey970/monitoring/perfcounters_csv/hikey/CMakeFiles/feature_tests.cxx
Linking CXX executable cmTC_98467
/usr/bin/cmake -E cmake_link_script CMakeFiles/cmTC_98467.dir/link.txt --verbose=1
/home/nikita/Documents/Work/hikey970/benchmarks/gcc-linaro-7.1.1-2017.08-x86_64_aarch64-linux-gnu/bin/aarch64-linux-gnu-g++       -rdynamic CMakeFiles/cmTC_98467.dir/feature_tests.cxx.o  -o cmTC_98467 
make[2]: Leaving directory '/home/nikita/Documents/Work/hikey970/monitoring/perfcounters_csv/hikey/CMakeFiles/CMakeTmp'
make[1]: Leaving directory '/home/nikita/Documents/Work/hikey970/monitoring/perfcounters_csv/hikey/CMakeFiles/CMakeTmp'


    Feature record: CXX_FEATURE:0cxx_aggregate_default_initializers
    Feature record: CXX_FEATURE:1cxx_alias_templates
    Feature record: CXX_FEATURE:1cxx_alignas
    Feature record: CXX_FEATURE:1cxx_alignof
    Feature record: CXX_FEATURE:1cxx_attributes
    Feature record: CXX_FEATURE:0cxx_attribute_deprecated
    Feature record: CXX_FEATURE:1cxx_auto_type
    Feature record: CXX_FEATURE:0cxx_binary_literals
    Feature record: CXX_FEATURE:1cxx_constexpr
    Feature record: CXX_FEATURE:0cxx_contextual_conversions
    Feature record: CXX_FEATURE:1cxx_decltype
    Feature record: CXX_FEATURE:0cxx_decltype_auto
    Feature record: CXX_FEATURE:1cxx_decltype_incomplete_return_types
    Feature record: CXX_FEATURE:1cxx_default_function_template_args
    Feature record: CXX_FEATURE:1cxx_defaulted_functions
    Feature record: CXX_FEATURE:1cxx_defaulted_move_initializers
    Feature record: CXX_FEATURE:1cxx_delegating_constructors
    Feature record: CXX_FEATURE:1cxx_deleted_functions
    Feature record: CXX_FEATURE:0cxx_digit_separators
    Feature record: CXX_FEATURE:1cxx_enum_forward_declarations
    Feature record: CXX_FEATURE:1cxx_explicit_conversions
    Feature record: CXX_FEATURE:1cxx_extended_friend_declarations
    Feature record: CXX_FEATURE:1cxx_extern_templates
    Feature record: CXX_FEATURE:1cxx_final
    Feature record: CXX_FEATURE:1cxx_func_identifier
    Feature record: CXX_FEATURE:1cxx_generalized_initializers
    Feature record: CXX_FEATURE:0cxx_generic_lambdas
    Feature record: CXX_FEATURE:1cxx_inheriting_constructors
    Feature record: CXX_FEATURE:1cxx_inline_namespaces
    Feature record: CXX_FEATURE:1cxx_lambdas
    Feature record: CXX_FEATURE:0cxx_lambda_init_captures
    Feature record: CXX_FEATURE:1cxx_local_type_template_args
    Feature record: CXX_FEATURE:1cxx_long_long_type
    Feature record: CXX_FEATURE:1cxx_noexcept
    Feature record: CXX_FEATURE:1cxx_nonstatic_member_init
    Feature record: CXX_FEATURE:1cxx_nullptr
    Feature record: CXX_FEATURE:1cxx_override
    Feature record: CXX_FEATURE:1cxx_range_for
    Feature record: CXX_FEATURE:1cxx_raw_string_literals
    Feature record: CXX_FEATURE:1cxx_reference_qualified_functions
    Feature record: CXX_FEATURE:0cxx_relaxed_constexpr
    Feature record: CXX_FEATURE:0cxx_return_type_deduction
    Feature record: CXX_FEATURE:1cxx_right_angle_brackets
    Feature record: CXX_FEATURE:1cxx_rvalue_references
    Feature record: CXX_FEATURE:1cxx_sizeof_member
    Feature record: CXX_FEATURE:1cxx_static_assert
    Feature record: CXX_FEATURE:1cxx_strong_enums
    Feature record: CXX_FEATURE:1cxx_template_template_parameters
    Feature record: CXX_FEATURE:1cxx_thread_local
    Feature record: CXX_FEATURE:1cxx_trailing_return_types
    Feature record: CXX_FEATURE:1cxx_unicode_literals
    Feature record: CXX_FEATURE:1cxx_uniform_initialization
    Feature record: CXX_FEATURE:1cxx_unrestricted_unions
    Feature record: CXX_FEATURE:1cxx_user_literals
    Feature record: CXX_FEATURE:0cxx_variable_templates
    Feature record: CXX_FEATURE:1cxx_variadic_macros
    Feature record: CXX_FEATURE:1cxx_variadic_templates


Detecting CXX [-std=c++98] compiler features compiled with the following output:
Change Dir: /home/nikita/Documents/Work/hikey970/monitoring/perfcounters_csv/hikey/CMakeFiles/CMakeTmp

Run Build Command:"/usr/bin/make" "cmTC_fb507/fast"
make[1]: Entering directory '/home/nikita/Documents/Work/hikey970/monitoring/perfcounters_csv/hikey/CMakeFiles/CMakeTmp'
/usr/bin/make -f CMakeFiles/cmTC_fb507.dir/build.make CMakeFiles/cmTC_fb507.dir/build
make[2]: Entering directory '/home/nikita/Documents/Work/hikey970/monitoring/perfcounters_csv/hikey/CMakeFiles/CMakeTmp'
Building CXX object CMakeFiles/cmTC_fb507.dir/feature_tests.cxx.o
/home/nikita/Documents/Work/hikey970/benchmarks/gcc-linaro-7.1.1-2017.08-x86_64_aarch64-linux-gnu/bin/aarch64-linux-gnu-g++    -std=c++98 -o CMakeFiles/cmTC_fb507.dir/feature_tests.cxx.o -c /home/nikita/Documents/Work/hikey970/monitoring/perfcounters_csv/hikey/CMakeFiles/feature_tests.cxx
Linking CXX executable cmTC_fb507
/usr/bin/cmake -E cmake_link_script CMakeFiles/cmTC_fb507.dir/link.txt --verbose=1
/home/nikita/Documents/Work/hikey970/benchmarks/gcc-linaro-7.1.1-2017.08-x86_64_aarch64-linux-gnu/bin/aarch64-linux-gnu-g++       -rdynamic CMakeFiles/cmTC_fb507.dir/feature_tests.cxx.o  -o cmTC_fb507 
make[2]: Leaving directory '/home/nikita/Documents/Work/hikey970/monitoring/perfcounters_csv/hikey/CMakeFiles/CMakeTmp'
make[1]: Leaving directory '/home/nikita/Documents/Work/hikey970/monitoring/perfcounters_csv/hikey/CMakeFiles/CMakeTmp'


    Feature record: CXX_FEATURE:0cxx_aggregate_default_initializers
    Feature record: CXX_FEATURE:0cxx_alias_templates
    Feature record: CXX_FEATURE:0cxx_alignas
    Feature record: CXX_FEATURE:0cxx_alignof
    Feature record: CXX_FEATURE:0cxx_attributes
    Feature record: CXX_FEATURE:0cxx_attribute_deprecated
    Feature record: CXX_FEATURE:0cxx_auto_type
    Feature record: CXX_FEATURE:0cxx_binary_literals
    Feature record: CXX_FEATURE:0cxx_constexpr
    Feature record: CXX_FEATURE:0cxx_contextual_conversions
    Feature record: CXX_FEATURE:0cxx_decltype
    Feature record: CXX_FEATURE:0cxx_decltype_auto
    Feature record: CXX_FEATURE:0cxx_decltype_incomplete_return_types
    Feature record: CXX_FEATURE:0cxx_default_function_template_args
    Feature record: CXX_FEATURE:0cxx_defaulted_functions
    Feature record: CXX_FEATURE:0cxx_defaulted_move_initializers
    Feature record: CXX_FEATURE:0cxx_delegating_constructors
    Feature record: CXX_FEATURE:0cxx_deleted_functions
    Feature record: CXX_FEATURE:0cxx_digit_separators
    Feature record: CXX_FEATURE:0cxx_enum_forward_declarations
    Feature record: CXX_FEATURE:0cxx_explicit_conversions
    Feature record: CXX_FEATURE:0cxx_extended_friend_declarations
    Feature record: CXX_FEATURE:0cxx_extern_templates
    Feature record: CXX_FEATURE:0cxx_final
    Feature record: CXX_FEATURE:0cxx_func_identifier
    Feature record: CXX_FEATURE:0cxx_generalized_initializers
    Feature record: CXX_FEATURE:0cxx_generic_lambdas
    Feature record: CXX_FEATURE:0cxx_inheriting_constructors
    Feature record: CXX_FEATURE:0cxx_inline_namespaces
    Feature record: CXX_FEATURE:0cxx_lambdas
    Feature record: CXX_FEATURE:0cxx_lambda_init_captures
    Feature record: CXX_FEATURE:0cxx_local_type_template_args
    Feature record: CXX_FEATURE:0cxx_long_long_type
    Feature record: CXX_FEATURE:0cxx_noexcept
    Feature record: CXX_FEATURE:0cxx_nonstatic_member_init
    Feature record: CXX_FEATURE:0cxx_nullptr
    Feature record: CXX_FEATURE:0cxx_override
    Feature record: CXX_FEATURE:0cxx_range_for
    Feature record: CXX_FEATURE:0cxx_raw_string_literals
    Feature record: CXX_FEATURE:0cxx_reference_qualified_functions
    Feature record: CXX_FEATURE:0cxx_relaxed_constexpr
    Feature record: CXX_FEATURE:0cxx_return_type_deduction
    Feature record: CXX_FEATURE:0cxx_right_angle_brackets
    Feature record: CXX_FEATURE:0cxx_rvalue_references
    Feature record: CXX_FEATURE:0cxx_sizeof_member
    Feature record: CXX_FEATURE:0cxx_static_assert
    Feature record: CXX_FEATURE:0cxx_strong_enums
    Feature record: CXX_FEATURE:1cxx_template_template_parameters
    Feature record: CXX_FEATURE:0cxx_thread_local
    Feature record: CXX_FEATURE:0cxx_trailing_return_types
    Feature record: CXX_FEATURE:0cxx_unicode_literals
    Feature record: CXX_FEATURE:0cxx_uniform_initialization
    Feature record: CXX_FEATURE:0cxx_unrestricted_unions
    Feature record: CXX_FEATURE:0cxx_user_literals
    Feature record: CXX_FEATURE:0cxx_variable_templates
    Feature record: CXX_FEATURE:0cxx_variadic_macros
    Feature record: CXX_FEATURE:0cxx_variadic_templates
